[2023-04-10 15:11:26] This is codeql database analyze ./codeql_db ./query --format=sarif-latest --output=./output/ssl.sarif --download
[2023-04-10 15:11:26] Log file was started late.
[2023-04-10 15:11:26] [DETAILS] database analyze> Downloading queries...
[2023-04-10 15:11:26] Running plumbing command: codeql pack download --format json --qlconfig-file=D:\Works\Moonlay\Shannon\qcve\databases\ssl\qlconfig.yml -- ./query
[2023-04-10 15:11:26] [PROGRESS] pack download> Package specifications to check for download: ./query
[2023-04-10 15:11:26] Calling plumbing command: codeql resolve queries --qlconfig-file=D:\Works\Moonlay\Shannon\qcve\databases\ssl\qlconfig.yml --format installedpacks ./query
[2023-04-10 15:11:26] [PROGRESS] resolve queries> Recording pack reference getting-started/codeql-extra-queries-javascript at D:\Works\Moonlay\Shannon\qcve\databases\ssl\query.
[2023-04-10 15:11:26] [SPAMMY] resolve queries> Scanning for QL files at D:\Works\Moonlay\Shannon\qcve\databases\ssl\query.
[2023-04-10 15:11:26] [SPAMMY] resolve queries> Found 2 QL files in D:\Works\Moonlay\Shannon\qcve\databases\ssl\query.
[2023-04-10 15:11:26] Plumbing command codeql resolve queries completed:
                      {
                        "installedPacks" : [ ]
                      }
[2023-04-10 15:11:26] [PROGRESS] pack download> Did not need to download any packs.
[2023-04-10 15:11:26] Plumbing command codeql pack download completed.
[2023-04-10 15:11:26] [PROGRESS] database analyze> Running queries.
[2023-04-10 15:11:26] Running plumbing command: codeql database run-queries --evaluator-log-level=5 --warnings=show --qlconfig-file=D:\Works\Moonlay\Shannon\qcve\databases\ssl\qlconfig.yml --no-rerun -- D:\Works\Moonlay\Shannon\qcve\databases\ssl\codeql_db ./query
[2023-04-10 15:11:26] Calling plumbing command: codeql resolve ram --format=json
[2023-04-10 15:11:26] Plumbing command codeql resolve ram completed:
                      [
                        "-J-Xmx1974M",
                        "--off-heap-ram=1974"
                      ]
[2023-04-10 15:11:26] Spawning plumbing command: execute queries -J-Xmx1974M --off-heap-ram=1974 --verbosity=progress --logdir=D:\Works\Moonlay\Shannon\qcve\databases\ssl\codeql_db\log --evaluator-log-level=5 --warnings=show --qlconfig-file=D:\Works\Moonlay\Shannon\qcve\databases\ssl\qlconfig.yml --no-rerun --output=D:\Works\Moonlay\Shannon\qcve\databases\ssl\codeql_db\results -- D:\Works\Moonlay\Shannon\qcve\databases\ssl\codeql_db\db-javascript ./query
[2023-04-10 15:11:29] [ERROR] Spawned process exited abnormally (code 2; tried to run: [D:\Works\Moonlay\Shannon\qcve\codeql\tools\win64\java\bin\java.exe, -Xmx1974M, "-Djava.library.path=D:\Works\Moonlay\Shannon\qcve\codeql\tools\win64\java\bin;C:\WINDOWS\Sun\Java\bin;C:\WINDOWS\system32;C:\WINDOWS;C:\Users\arbom\bin;C:\Program Files\Git\mingw64\bin;C:\Program Files\Git\usr\local\bin;C:\Program Files\Git\usr\bin;C:\Program Files\Git\usr\bin;C:\Program Files\Git\mingw64\bin;C:\Program Files\Git\usr\bin;C:\Users\arbom\bin;C:\Program Files\Microsoft\jdk-11.0.18.10-hotspot\bin;C:\Program Files\Common Files\Oracle\Java\javapath;C:\ProgramData\Oracle\Java\javapath;C:\Windows\system32;C:\Windows;C:\Windows\System32\Wbem;C:\Windows\System32\WindowsPowerShell\v1.0;C:\Windows\System32\OpenSSH;C:\Program Files (x86)\NVIDIA Corporation\PhysX\Common;C:\Program Files\NVIDIA Corporation\NVIDIA NvDLISR;C:\Program Files\Git\cmd;C:\Users\arbom\AppData\Roaming\nvm;C:\Program Files\nodejs;C:\ProgramData\chocolatey\bin;C:\tools\php80;C:\tools\php74;C:\ProgramData\ComposerSetup\bin;C:\Program Files\dotnet;C:\Program Files\Docker\Docker\resources\bin;C:\ProgramData\DockerDesktop\version-bin;C:\Program Files\PuTTY;C:\WINDOWS\system32;C:\WINDOWS;C:\WINDOWS\System32\Wbem;C:\WINDOWS\System32\WindowsPowerShell\v1.0;C:\WINDOWS\System32\OpenSSH;C:\Program Files\Go\bin;C:\Program Files\Microsoft SQL Server\150\Tools\Binn;C:\Program Files\Microsoft SQL Server\Client SDK\ODBC\170\Tools\Binn;C:\Program Files\GitHub CLI;C:\Users\arbom\AppData\Local\Android\Sdk\platform-tools;C:\Users\arbom\AppData\Local\Android\Sdk\platform-tools;C:\Users\arbom\AppData\Local\jdk-11.0.2\bin;C:\Users\arbom\AppData\Local\python2\scripts;C:\Users\arbom\AppData\Local\python2;C:\Users\arbom\AppData\Local\python2\scripts;C:\Users\arbom\AppData\Local\python2;C:\Users\arbom\anaconda3;C:\Users\arbom\anaconda3\Library\mingw-w64\bin;C:\Users\arbom\anaconda3\Library\usr\bin;C:\Users\arbom\anaconda3\Library\bin;C:\Users\arbom\anaconda3\Scripts;C:\Users\arbom\AppData\Local\Programs\Python\Python310\Scripts;C:\Users\arbom\AppData\Local\Programs\Python\Python310;C:\Users\arbom\AppData\Local\Microsoft\WindowsApps;C:\Users\arbom\AppData\Local\GitHubDesktop\bin;C:\Users\arbom\AppData\Local\Programs\Microsoft VS Code\bin;C:\Users\arbom\AppData\Roaming\nvm;C:\Program Files\nodejs;C:\Users\arbom\AppData\Roaming\Composer\vendor\bin;C:\Users\arbom\flutter\bin;C:\Program Files\CMake\bin;C:\Program Files (x86)\Sophos\Sophos SSL VPN Client\bin;C:\Users\arbom\go\bin;C:\Users\arbom\AppData\Local\Google\Cloud SDK;C:\Users\arbom\AppData\Local\Android\Sdk\tools;C:\Users\arbom\AppData\Local\Android\Sdk\tools\bin;C:\Users\arbom\AppData\Local\Android\Sdk\platform-tools;C:\Users\arbom\.dotnet\tools;D:\Works\Moonlay\Shannon\qcve\codeql;C:\Program Files\Git\usr\bin\vendor_perl;C:\Program Files\Git\usr\bin\core_perl;.", -cp, D:\Works\Moonlay\Shannon\qcve\codeql\tools\codeql.jar, com.semmle.cli2.CodeQL, env_argv, execute, queries, -J-Xmx1974M, _, _, _, _, _, _, --no-rerun, _, --, _, ./query])
[2023-04-10 15:11:29] Plumbing command codeql execute queries terminated with status 2.
[2023-04-10 15:11:29] Plumbing command codeql database run-queries completed with status 2.
[2023-04-10 15:11:29] Exiting with code 2
