[2023-04-10 15:11:27] This is codeql execute queries -J-Xmx1974M --off-heap-ram=1974 --verbosity=progress --logdir=D:\Works\Moonlay\Shannon\qcve\databases\ssl\codeql_db\log --evaluator-log-level=5 --warnings=show --qlconfig-file=D:\Works\Moonlay\Shannon\qcve\databases\ssl\qlconfig.yml --no-rerun --output=D:\Works\Moonlay\Shannon\qcve\databases\ssl\codeql_db\results -- D:\Works\Moonlay\Shannon\qcve\databases\ssl\codeql_db\db-javascript ./query
[2023-04-10 15:11:27] Calling plumbing command: codeql resolve queries --qlconfig-file=D:\Works\Moonlay\Shannon\qcve\databases\ssl\qlconfig.yml --format=json -- ./query
[2023-04-10 15:11:27] [PROGRESS] resolve queries> Recording pack reference getting-started/codeql-extra-queries-javascript at D:\Works\Moonlay\Shannon\qcve\databases\ssl\query.
[2023-04-10 15:11:27] [SPAMMY] resolve queries> Scanning for QL files at D:\Works\Moonlay\Shannon\qcve\databases\ssl\query.
[2023-04-10 15:11:27] [SPAMMY] resolve queries> Found 2 QL files in D:\Works\Moonlay\Shannon\qcve\databases\ssl\query.
[2023-04-10 15:11:27] Plumbing command codeql resolve queries completed:
                      [
                        "D:\\Works\\Moonlay\\Shannon\\qcve\\databases\\ssl\\query\\empty-block.ql",
                        "D:\\Works\\Moonlay\\Shannon\\qcve\\databases\\ssl\\query\\example.ql"
                      ]
[2023-04-10 15:11:27] Refusing fancy output: Cannot detect terminal size on this platform
[2023-04-10 15:11:27] Creating executor with 1 threads.
[2023-04-10 15:11:28] Calling plumbing command: codeql resolve extensions --qlconfig-file=D:\Works\Moonlay\Shannon\qcve\databases\ssl\qlconfig.yml ./query
[2023-04-10 15:11:28] Calling plumbing command: codeql resolve queries --qlconfig-file=D:\Works\Moonlay\Shannon\qcve\databases\ssl\qlconfig.yml --format startingpacks -- ./query
[2023-04-10 15:11:28] [PROGRESS] resolve queries> Recording pack reference getting-started/codeql-extra-queries-javascript at D:\Works\Moonlay\Shannon\qcve\databases\ssl\query.
[2023-04-10 15:11:28] [SPAMMY] resolve queries> Scanning for QL files at D:\Works\Moonlay\Shannon\qcve\databases\ssl\query.
[2023-04-10 15:11:28] [SPAMMY] resolve queries> Found 2 QL files in D:\Works\Moonlay\Shannon\qcve\databases\ssl\query.
[2023-04-10 15:11:28] Plumbing command codeql resolve queries completed:
                      [
                        "D:\\Works\\Moonlay\\Shannon\\qcve\\databases\\ssl\\query"
                      ]
[2023-04-10 15:11:28] [PROGRESS] resolve extensions> Loading data extensions in D:\Works\Moonlay\Shannon\qcve\vscode-codeql-starter\ql\javascript\ql\lib\semmle\javascript\frameworks\data\internal\model.yml.
[2023-04-10 15:11:28] [DETAILS] resolve extensions>   Found extension targeting codeql/javascript-all:sourceModel: 0 tuples.
[2023-04-10 15:11:28] [DETAILS] resolve extensions>   Found extension targeting codeql/javascript-all:sinkModel: 0 tuples.
[2023-04-10 15:11:28] [DETAILS] resolve extensions>   Found extension targeting codeql/javascript-all:summaryModel: 0 tuples.
[2023-04-10 15:11:28] [DETAILS] resolve extensions>   Found extension targeting codeql/javascript-all:typeModel: 0 tuples.
[2023-04-10 15:11:28] [DETAILS] resolve extensions>   Found extension targeting codeql/javascript-all:typeVariableModel: 0 tuples.
[2023-04-10 15:11:28] [PROGRESS] resolve extensions> Loading data extensions in D:\Works\Moonlay\Shannon\qcve\vscode-codeql-starter\ql\javascript\ql\lib\semmle\javascript\frameworks\minimongo\model.yml.
[2023-04-10 15:11:28] [DETAILS] resolve extensions>   Found extension targeting codeql/javascript-all:typeModel: 75 tuples.
[2023-04-10 15:11:28] [PROGRESS] resolve extensions> Loading data extensions in D:\Works\Moonlay\Shannon\qcve\vscode-codeql-starter\ql\javascript\ql\lib\semmle\javascript\frameworks\mongodb\model.yml.
[2023-04-10 15:11:28] [DETAILS] resolve extensions>   Found extension targeting codeql/javascript-all:sinkModel: 26 tuples.
[2023-04-10 15:11:28] [DETAILS] resolve extensions>   Found extension targeting codeql/javascript-all:typeModel: 611 tuples.
[2023-04-10 15:11:28] [DETAILS] resolve extensions>   Found extension targeting codeql/javascript-all:summaryModel: 32 tuples.
[2023-04-10 15:11:28] [DETAILS] resolve extensions>   Found extension targeting codeql/javascript-all:typeVariableModel: 102 tuples.
[2023-04-10 15:11:28] [PROGRESS] resolve extensions> Loading data extensions in D:\Works\Moonlay\Shannon\qcve\vscode-codeql-starter\ql\javascript\ql\lib\semmle\javascript\frameworks\mssql\model.yml.
[2023-04-10 15:11:28] [DETAILS] resolve extensions>   Found extension targeting codeql/javascript-all:typeModel: 34 tuples.
[2023-04-10 15:11:28] [PROGRESS] resolve extensions> Loading data extensions in D:\Works\Moonlay\Shannon\qcve\vscode-codeql-starter\ql\javascript\ql\lib\semmle\javascript\frameworks\mysql\model.yml.
[2023-04-10 15:11:28] [DETAILS] resolve extensions>   Found extension targeting codeql/javascript-all:typeModel: 57 tuples.
[2023-04-10 15:11:28] [DETAILS] resolve extensions>   Found extension targeting codeql/javascript-all:summaryModel: 3 tuples.
[2023-04-10 15:11:28] [PROGRESS] resolve extensions> Loading data extensions in D:\Works\Moonlay\Shannon\qcve\vscode-codeql-starter\ql\javascript\ql\lib\semmle\javascript\frameworks\pg\model.yml.
[2023-04-10 15:11:28] [DETAILS] resolve extensions>   Found extension targeting codeql/javascript-all:typeModel: 65 tuples.
[2023-04-10 15:11:28] [DETAILS] resolve extensions>   Found extension targeting codeql/javascript-all:summaryModel: 5 tuples.
[2023-04-10 15:11:28] [DETAILS] resolve extensions>   Found extension targeting codeql/javascript-all:typeVariableModel: 23 tuples.
[2023-04-10 15:11:28] [PROGRESS] resolve extensions> Loading data extensions in D:\Works\Moonlay\Shannon\qcve\vscode-codeql-starter\ql\javascript\ql\lib\semmle\javascript\frameworks\sequelize\model.yml.
[2023-04-10 15:11:28] [DETAILS] resolve extensions>   Found extension targeting codeql/javascript-all:sinkModel: 7 tuples.
[2023-04-10 15:11:28] [DETAILS] resolve extensions>   Found extension targeting codeql/javascript-all:typeModel: 248 tuples.
[2023-04-10 15:11:28] [DETAILS] resolve extensions>   Found extension targeting codeql/javascript-all:summaryModel: 5 tuples.
[2023-04-10 15:11:28] [DETAILS] resolve extensions>   Found extension targeting codeql/javascript-all:typeVariableModel: 2 tuples.
[2023-04-10 15:11:28] [PROGRESS] resolve extensions> Loading data extensions in D:\Works\Moonlay\Shannon\qcve\vscode-codeql-starter\ql\javascript\ql\lib\semmle\javascript\frameworks\spanner\model.yml.
[2023-04-10 15:11:28] [DETAILS] resolve extensions>   Found extension targeting codeql/javascript-all:typeModel: 174 tuples.
[2023-04-10 15:11:28] [DETAILS] resolve extensions>   Found extension targeting codeql/javascript-all:typeVariableModel: 5 tuples.
[2023-04-10 15:11:28] [PROGRESS] resolve extensions> Loading data extensions in D:\Works\Moonlay\Shannon\qcve\vscode-codeql-starter\ql\javascript\ql\lib\semmle\javascript\frameworks\sqlite3\model.yml.
[2023-04-10 15:11:28] [DETAILS] resolve extensions>   Found extension targeting codeql/javascript-all:typeModel: 15 tuples.
[2023-04-10 15:11:28] [DETAILS] resolve extensions>   Found extension targeting codeql/javascript-all:summaryModel: 3 tuples.
[2023-04-10 15:11:28] Plumbing command codeql resolve extensions completed:
                      {
                        "models" : [ ],
                        "data" : {
                          "D:\\Works\\Moonlay\\Shannon\\qcve\\databases\\ssl\\query" : [
                            {
                              "predicate" : "sinkModel",
                              "file" : "D:\\Works\\Moonlay\\Shannon\\qcve\\vscode-codeql-starter\\ql\\javascript\\ql\\lib\\semmle\\javascript\\frameworks\\data\\internal\\model.yml",
                              "index" : 1
                            },
                            {
                              "predicate" : "sourceModel",
                              "file" : "D:\\Works\\Moonlay\\Shannon\\qcve\\vscode-codeql-starter\\ql\\javascript\\ql\\lib\\semmle\\javascript\\frameworks\\data\\internal\\model.yml",
                              "index" : 0
                            },
                            {
                              "predicate" : "summaryModel",
                              "file" : "D:\\Works\\Moonlay\\Shannon\\qcve\\vscode-codeql-starter\\ql\\javascript\\ql\\lib\\semmle\\javascript\\frameworks\\data\\internal\\model.yml",
                              "index" : 2
                            },
                            {
                              "predicate" : "typeModel",
                              "file" : "D:\\Works\\Moonlay\\Shannon\\qcve\\vscode-codeql-starter\\ql\\javascript\\ql\\lib\\semmle\\javascript\\frameworks\\data\\internal\\model.yml",
                              "index" : 3
                            },
                            {
                              "predicate" : "typeVariableModel",
                              "file" : "D:\\Works\\Moonlay\\Shannon\\qcve\\vscode-codeql-starter\\ql\\javascript\\ql\\lib\\semmle\\javascript\\frameworks\\data\\internal\\model.yml",
                              "index" : 4
                            },
                            {
                              "predicate" : "typeModel",
                              "file" : "D:\\Works\\Moonlay\\Shannon\\qcve\\vscode-codeql-starter\\ql\\javascript\\ql\\lib\\semmle\\javascript\\frameworks\\minimongo\\model.yml",
                              "index" : 0
                            },
                            {
                              "predicate" : "sinkModel",
                              "file" : "D:\\Works\\Moonlay\\Shannon\\qcve\\vscode-codeql-starter\\ql\\javascript\\ql\\lib\\semmle\\javascript\\frameworks\\mongodb\\model.yml",
                              "index" : 0
                            },
                            {
                              "predicate" : "summaryModel",
                              "file" : "D:\\Works\\Moonlay\\Shannon\\qcve\\vscode-codeql-starter\\ql\\javascript\\ql\\lib\\semmle\\javascript\\frameworks\\mongodb\\model.yml",
                              "index" : 2
                            },
                            {
                              "predicate" : "typeModel",
                              "file" : "D:\\Works\\Moonlay\\Shannon\\qcve\\vscode-codeql-starter\\ql\\javascript\\ql\\lib\\semmle\\javascript\\frameworks\\mongodb\\model.yml",
                              "index" : 1
                            },
                            {
                              "predicate" : "typeVariableModel",
                              "file" : "D:\\Works\\Moonlay\\Shannon\\qcve\\vscode-codeql-starter\\ql\\javascript\\ql\\lib\\semmle\\javascript\\frameworks\\mongodb\\model.yml",
                              "index" : 3
                            },
                            {
                              "predicate" : "typeModel",
                              "file" : "D:\\Works\\Moonlay\\Shannon\\qcve\\vscode-codeql-starter\\ql\\javascript\\ql\\lib\\semmle\\javascript\\frameworks\\mssql\\model.yml",
                              "index" : 0
                            },
                            {
                              "predicate" : "summaryModel",
                              "file" : "D:\\Works\\Moonlay\\Shannon\\qcve\\vscode-codeql-starter\\ql\\javascript\\ql\\lib\\semmle\\javascript\\frameworks\\mysql\\model.yml",
                              "index" : 1
                            },
                            {
                              "predicate" : "typeModel",
                              "file" : "D:\\Works\\Moonlay\\Shannon\\qcve\\vscode-codeql-starter\\ql\\javascript\\ql\\lib\\semmle\\javascript\\frameworks\\mysql\\model.yml",
                              "index" : 0
                            },
                            {
                              "predicate" : "summaryModel",
                              "file" : "D:\\Works\\Moonlay\\Shannon\\qcve\\vscode-codeql-starter\\ql\\javascript\\ql\\lib\\semmle\\javascript\\frameworks\\pg\\model.yml",
                              "index" : 1
                            },
                            {
                              "predicate" : "typeModel",
                              "file" : "D:\\Works\\Moonlay\\Shannon\\qcve\\vscode-codeql-starter\\ql\\javascript\\ql\\lib\\semmle\\javascript\\frameworks\\pg\\model.yml",
                              "index" : 0
                            },
                            {
                              "predicate" : "typeVariableModel",
                              "file" : "D:\\Works\\Moonlay\\Shannon\\qcve\\vscode-codeql-starter\\ql\\javascript\\ql\\lib\\semmle\\javascript\\frameworks\\pg\\model.yml",
                              "index" : 2
                            },
                            {
                              "predicate" : "sinkModel",
                              "file" : "D:\\Works\\Moonlay\\Shannon\\qcve\\vscode-codeql-starter\\ql\\javascript\\ql\\lib\\semmle\\javascript\\frameworks\\sequelize\\model.yml",
                              "index" : 0
                            },
                            {
                              "predicate" : "summaryModel",
                              "file" : "D:\\Works\\Moonlay\\Shannon\\qcve\\vscode-codeql-starter\\ql\\javascript\\ql\\lib\\semmle\\javascript\\frameworks\\sequelize\\model.yml",
                              "index" : 2
                            },
                            {
                              "predicate" : "typeModel",
                              "file" : "D:\\Works\\Moonlay\\Shannon\\qcve\\vscode-codeql-starter\\ql\\javascript\\ql\\lib\\semmle\\javascript\\frameworks\\sequelize\\model.yml",
                              "index" : 1
                            },
                            {
                              "predicate" : "typeVariableModel",
                              "file" : "D:\\Works\\Moonlay\\Shannon\\qcve\\vscode-codeql-starter\\ql\\javascript\\ql\\lib\\semmle\\javascript\\frameworks\\sequelize\\model.yml",
                              "index" : 3
                            },
                            {
                              "predicate" : "typeModel",
                              "file" : "D:\\Works\\Moonlay\\Shannon\\qcve\\vscode-codeql-starter\\ql\\javascript\\ql\\lib\\semmle\\javascript\\frameworks\\spanner\\model.yml",
                              "index" : 0
                            },
                            {
                              "predicate" : "typeVariableModel",
                              "file" : "D:\\Works\\Moonlay\\Shannon\\qcve\\vscode-codeql-starter\\ql\\javascript\\ql\\lib\\semmle\\javascript\\frameworks\\spanner\\model.yml",
                              "index" : 1
                            },
                            {
                              "predicate" : "summaryModel",
                              "file" : "D:\\Works\\Moonlay\\Shannon\\qcve\\vscode-codeql-starter\\ql\\javascript\\ql\\lib\\semmle\\javascript\\frameworks\\sqlite3\\model.yml",
                              "index" : 1
                            },
                            {
                              "predicate" : "typeModel",
                              "file" : "D:\\Works\\Moonlay\\Shannon\\qcve\\vscode-codeql-starter\\ql\\javascript\\ql\\lib\\semmle\\javascript\\frameworks\\sqlite3\\model.yml",
                              "index" : 0
                            }
                          ]
                        }
                      }
[2023-04-10 15:11:28] [DETAILS] execute queries> Did not find any ML models.
[2023-04-10 15:11:28] Calling plumbing command: codeql resolve library-path --qlconfig-file=D:\Works\Moonlay\Shannon\qcve\databases\ssl\qlconfig.yml --query=D:\Works\Moonlay\Shannon\qcve\databases\ssl\query\empty-block.ql --format=json
[2023-04-10 15:11:28] [DETAILS] resolve library-path> Resolving query at normalized path D:\Works\Moonlay\Shannon\qcve\databases\ssl\query\empty-block.ql.
[2023-04-10 15:11:28] [DETAILS] resolve library-path> Found enclosing pack 'getting-started/codeql-extra-queries-javascript' at D:\Works\Moonlay\Shannon\qcve\databases\ssl\query.
[2023-04-10 15:11:28] [DETAILS] resolve library-path> Adding compilation cache at C:\Users\arbom\.codeql\compile-cache.
[2023-04-10 15:11:28] [DETAILS] resolve library-path> Resolving library dependencies from D:\Works\Moonlay\Shannon\qcve\databases\ssl\query\qlpack.yml.
[2023-04-10 15:11:28] [SPAMMY] resolve library-path> [INCOMPATIBILITY] getting-started/codeql-extra-queries-javascript: not 0.0.0 {root: getting-started/codeql-extra-queries-javascript@0.0.0}
[2023-04-10 15:11:28] [SPAMMY] resolve library-path> [DERIVATION] getting-started/codeql-extra-queries-javascript: 0.0.0 {getting-started/codeql-extra-queries-javascript: not 0.0.0 {root: getting-started/codeql-extra-queries-javascript@0.0.0}}
[2023-04-10 15:11:28] [SPAMMY] resolve library-path> [INCOMPATIBILITY] getting-started/codeql-extra-queries-javascript: * [*], codeql/javascript-all: not * {dependency: getting-started/codeql-extra-queries-javascript@* [*] requires codeql/javascript-all@*}
[2023-04-10 15:11:28] [SPAMMY] resolve library-path> [DECISION 1] getting-started/codeql-extra-queries-javascript: 0.0.0
[2023-04-10 15:11:28] [SPAMMY] resolve library-path> [DERIVATION] codeql/javascript-all: * {getting-started/codeql-extra-queries-javascript: * [*], codeql/javascript-all: not * {dependency: getting-started/codeql-extra-queries-javascript@* [*] requires codeql/javascript-all@*}}
[2023-04-10 15:11:28] [SPAMMY] resolve library-path> [INCOMPATIBILITY] codeql/javascript-all: * [*] {pack not found: codeql/javascript-all}
[2023-04-10 15:11:28] [SPAMMY] resolve library-path> [CONFLICT] codeql/javascript-all: * [*] {pack not found: codeql/javascript-all}
[2023-04-10 15:11:28] [SPAMMY] resolve library-path>   [CONSTRAINT] codeql/javascript-all: *
[2023-04-10 15:11:28] [SPAMMY] resolve library-path>   [CONSTRAINT] getting-started/codeql-extra-queries-javascript: 0.0.0
[2023-04-10 15:11:28] [SPAMMY] resolve library-path>   [SATISFIER] derivation: codeql/javascript-all: *
[2023-04-10 15:11:28] [SPAMMY] resolve library-path>   [ALMOST_SATISFIER] <none>
[2023-04-10 15:11:28] [SPAMMY] resolve library-path> [INCOMPATIBILITY] getting-started/codeql-extra-queries-javascript: * [*] {conflict}
[2023-04-10 15:11:28] [SPAMMY] resolve library-path> [FAILURE]
[2023-04-10 15:11:28] [SPAMMY] resolve library-path>   Because 'getting-started/codeql-extra-queries-javascript' depends on 'codeql/javascript-all@*', but pack 'codeql/javascript-all' was not found, version solving failed.
[2023-04-10 15:11:28] [ERROR] resolve library-path> ERROR: Referenced pack 'codeql/javascript-all' was not found locally, and no lock file is present for 'getting-started/codeql-extra-queries-javascript'. Run 'codeql pack install' to create the lock file and download the dependencies. (D:\Works\Moonlay\Shannon\qcve\databases\ssl\query\qlpack.yml:1,1-1)
[2023-04-10 15:11:28] [ERROR] resolve library-path> ERROR: No valid pack solution found:
                              Because 'getting-started/codeql-extra-queries-javascript' depends on 'codeql/javascript-all@*', but pack 'codeql/javascript-all' was not found, version solving failed.
                               (D:\Works\Moonlay\Shannon\qcve\databases\ssl\query\qlpack.yml:1,1-1)
[2023-04-10 15:11:28] [ERROR] Exception collected asynchronously; saving it while cancelling everything
                              com.semmle.util.exception.UserError: Could not resolve library path for D:\Works\Moonlay\Shannon\qcve\databases\ssl\query
                              	at com.semmle.cli2.resolve.ResolveLibraryPathCommand.executeJSON(ResolveLibraryPathCommand.java:218)
                              	at com.semmle.cli2.resolve.ResolveLibraryPathCommand.executeJSON(ResolveLibraryPathCommand.java:47)
                              	at com.semmle.cli2.picocli.SimpleJsonSubcommand.executeInsistingOnJSONWithExistingMessages(SimpleJsonSubcommand.java:129)
                              	at com.semmle.cli2.picocli.SubcommandCommon.withCompilationMessages(SubcommandCommon.java:435)
                              	at com.semmle.cli2.picocli.SimpleJsonSubcommand.executeInsistingOnJSON(SimpleJsonSubcommand.java:119)
                              	at com.semmle.cli2.picocli.PlumbingRunner.call(PlumbingRunner.java:53)
                              	at com.semmle.cli2.picocli.SubcommandCommon.callPlumbingInProcess(SubcommandCommon.java:170)
                              	at com.semmle.cli2.execute.ExecuteQueriesCommand.resolveLibraryPath(ExecuteQueriesCommand.java:622)
                              	at com.semmle.cli2.execute.ExecuteQueriesCommand$ExecutionIterator.start(ExecuteQueriesCommand.java:154)
                              	at com.semmle.cli2.execute.ExecuteQueriesCommand$ExecutionIterator.lambda$next$0(ExecuteQueriesCommand.java:148)
                              	at com.semmle.util.concurrent.FutureUtils.supplyCompose(FutureUtils.java:217)
                              	at com.semmle.cli2.ql.Paralleliser.lambda$startMoreJobs$1(Paralleliser.java:112)
                              	at java.base/java.util.concurrent.ThreadPoolExecutor.runWorker(Unknown Source)
                              	at java.base/java.util.concurrent.ThreadPoolExecutor$Worker.run(Unknown Source)
                              	at java.base/java.lang.Thread.run(Unknown Source)
[2023-04-10 15:11:28] Sequence stamp origin is -6333555106218573527
[2023-04-10 15:11:28] Pausing evaluation to close the cache at sequence stamp o+0
[2023-04-10 15:11:28] The disk cache is freshly trimmed; leave it be.
[2023-04-10 15:11:28] Unpausing evaluation
[2023-04-10 15:11:28] Exception caught in async task: Could not resolve library path for D:\Works\Moonlay\Shannon\qcve\databases\ssl\query
                      com.semmle.cli2.resolve.ResolveLibraryPathCommand.executeJSON(ResolveLibraryPathCommand.java:218)
                      com.semmle.cli2.resolve.ResolveLibraryPathCommand.executeJSON(ResolveLibraryPathCommand.java:47)
                      com.semmle.cli2.picocli.SimpleJsonSubcommand.executeInsistingOnJSONWithExistingMessages(SimpleJsonSubcommand.java:129)
                      com.semmle.cli2.picocli.SubcommandCommon.withCompilationMessages(SubcommandCommon.java:435)
                      com.semmle.cli2.picocli.SimpleJsonSubcommand.executeInsistingOnJSON(SimpleJsonSubcommand.java:119)
                      com.semmle.cli2.picocli.PlumbingRunner.call(PlumbingRunner.java:53)
                      com.semmle.cli2.picocli.SubcommandCommon.callPlumbingInProcess(SubcommandCommon.java:170)
                      com.semmle.cli2.execute.ExecuteQueriesCommand.resolveLibraryPath(ExecuteQueriesCommand.java:622)
                      com.semmle.cli2.execute.ExecuteQueriesCommand$ExecutionIterator.start(ExecuteQueriesCommand.java:154)
                      com.semmle.cli2.execute.ExecuteQueriesCommand$ExecutionIterator.lambda$next$0(ExecuteQueriesCommand.java:148)
                      com.semmle.util.concurrent.FutureUtils.supplyCompose(FutureUtils.java:217)
                      com.semmle.cli2.ql.Paralleliser.lambda$startMoreJobs$1(Paralleliser.java:112)
                      java.base/java.util.concurrent.ThreadPoolExecutor.runWorker(Unknown Source)
                      java.base/java.util.concurrent.ThreadPoolExecutor$Worker.run(Unknown Source)
                      java.base/java.lang.Thread.run(Unknown Source)
