[2023-04-14 22:01:43] This is codeql execute queries -J-Xmx1974M --off-heap-ram=1974 --verbosity=progress --logdir=D:\Works\Moonlay\Shannon\qcve\databases\ssl\codeql_db\log --evaluator-log-level=5 --warnings=show --qlconfig-file=D:\Works\Moonlay\Shannon\qcve\databases\ssl\qlconfig.yml --no-rerun --output=D:\Works\Moonlay\Shannon\qcve\databases\ssl\codeql_db\results -- D:\Works\Moonlay\Shannon\qcve\databases\ssl\codeql_db\db-javascript query
[2023-04-14 22:01:43] Calling plumbing command: codeql resolve queries --qlconfig-file=D:\Works\Moonlay\Shannon\qcve\databases\ssl\qlconfig.yml --format=json -- query
[2023-04-14 22:01:44] [PROGRESS] resolve queries> Recording pack reference maulanardy/codeql-query at D:\Works\Moonlay\Shannon\qcve\databases\ssl\query.
[2023-04-14 22:01:44] [SPAMMY] resolve queries> Scanning for QL files at D:\Works\Moonlay\Shannon\qcve\databases\ssl\query.
[2023-04-14 22:01:44] [SPAMMY] resolve queries> Found 2 QL files in D:\Works\Moonlay\Shannon\qcve\databases\ssl\query.
[2023-04-14 22:01:44] Plumbing command codeql resolve queries completed:
                      [
                        "D:\\Works\\Moonlay\\Shannon\\qcve\\databases\\ssl\\query\\empty-block.ql",
                        "D:\\Works\\Moonlay\\Shannon\\qcve\\databases\\ssl\\query\\example.ql"
                      ]
[2023-04-14 22:01:44] Refusing fancy output: Cannot detect terminal size on this platform
[2023-04-14 22:01:44] Creating executor with 1 threads.
[2023-04-14 22:01:44] Calling plumbing command: codeql resolve extensions --qlconfig-file=D:\Works\Moonlay\Shannon\qcve\databases\ssl\qlconfig.yml query
[2023-04-14 22:01:44] Calling plumbing command: codeql resolve queries --qlconfig-file=D:\Works\Moonlay\Shannon\qcve\databases\ssl\qlconfig.yml --format startingpacks -- query
[2023-04-14 22:01:44] [PROGRESS] resolve queries> Recording pack reference maulanardy/codeql-query at D:\Works\Moonlay\Shannon\qcve\databases\ssl\query.
[2023-04-14 22:01:44] [SPAMMY] resolve queries> Scanning for QL files at D:\Works\Moonlay\Shannon\qcve\databases\ssl\query.
[2023-04-14 22:01:44] [SPAMMY] resolve queries> Found 2 QL files in D:\Works\Moonlay\Shannon\qcve\databases\ssl\query.
[2023-04-14 22:01:44] Plumbing command codeql resolve queries completed:
                      [
                        "D:\\Works\\Moonlay\\Shannon\\qcve\\databases\\ssl\\query"
                      ]
[2023-04-14 22:01:45] [PROGRESS] resolve extensions> Loading data extensions in D:\Works\Moonlay\Shannon\qcve\vscode-codeql-starter\ql\javascript\ql\lib\semmle\javascript\frameworks\data\internal\model.yml.
[2023-04-14 22:01:45] [DETAILS] resolve extensions>   Found extension targeting codeql/javascript-all:sourceModel: 0 tuples.
[2023-04-14 22:01:45] [DETAILS] resolve extensions>   Found extension targeting codeql/javascript-all:sinkModel: 0 tuples.
[2023-04-14 22:01:45] [DETAILS] resolve extensions>   Found extension targeting codeql/javascript-all:summaryModel: 0 tuples.
[2023-04-14 22:01:45] [DETAILS] resolve extensions>   Found extension targeting codeql/javascript-all:typeModel: 0 tuples.
[2023-04-14 22:01:45] [DETAILS] resolve extensions>   Found extension targeting codeql/javascript-all:typeVariableModel: 0 tuples.
[2023-04-14 22:01:45] [PROGRESS] resolve extensions> Loading data extensions in D:\Works\Moonlay\Shannon\qcve\vscode-codeql-starter\ql\javascript\ql\lib\semmle\javascript\frameworks\minimongo\model.yml.
[2023-04-14 22:01:45] [DETAILS] resolve extensions>   Found extension targeting codeql/javascript-all:typeModel: 75 tuples.
[2023-04-14 22:01:45] [PROGRESS] resolve extensions> Loading data extensions in D:\Works\Moonlay\Shannon\qcve\vscode-codeql-starter\ql\javascript\ql\lib\semmle\javascript\frameworks\mongodb\model.yml.
[2023-04-14 22:01:45] [DETAILS] resolve extensions>   Found extension targeting codeql/javascript-all:sinkModel: 26 tuples.
[2023-04-14 22:01:45] [DETAILS] resolve extensions>   Found extension targeting codeql/javascript-all:typeModel: 611 tuples.
[2023-04-14 22:01:45] [DETAILS] resolve extensions>   Found extension targeting codeql/javascript-all:summaryModel: 32 tuples.
[2023-04-14 22:01:45] [DETAILS] resolve extensions>   Found extension targeting codeql/javascript-all:typeVariableModel: 102 tuples.
[2023-04-14 22:01:45] [PROGRESS] resolve extensions> Loading data extensions in D:\Works\Moonlay\Shannon\qcve\vscode-codeql-starter\ql\javascript\ql\lib\semmle\javascript\frameworks\mssql\model.yml.
[2023-04-14 22:01:45] [DETAILS] resolve extensions>   Found extension targeting codeql/javascript-all:typeModel: 34 tuples.
[2023-04-14 22:01:45] [PROGRESS] resolve extensions> Loading data extensions in D:\Works\Moonlay\Shannon\qcve\vscode-codeql-starter\ql\javascript\ql\lib\semmle\javascript\frameworks\mysql\model.yml.
[2023-04-14 22:01:45] [DETAILS] resolve extensions>   Found extension targeting codeql/javascript-all:typeModel: 57 tuples.
[2023-04-14 22:01:45] [DETAILS] resolve extensions>   Found extension targeting codeql/javascript-all:summaryModel: 3 tuples.
[2023-04-14 22:01:45] [PROGRESS] resolve extensions> Loading data extensions in D:\Works\Moonlay\Shannon\qcve\vscode-codeql-starter\ql\javascript\ql\lib\semmle\javascript\frameworks\pg\model.yml.
[2023-04-14 22:01:45] [DETAILS] resolve extensions>   Found extension targeting codeql/javascript-all:typeModel: 65 tuples.
[2023-04-14 22:01:45] [DETAILS] resolve extensions>   Found extension targeting codeql/javascript-all:summaryModel: 5 tuples.
[2023-04-14 22:01:45] [DETAILS] resolve extensions>   Found extension targeting codeql/javascript-all:typeVariableModel: 23 tuples.
[2023-04-14 22:01:45] [PROGRESS] resolve extensions> Loading data extensions in D:\Works\Moonlay\Shannon\qcve\vscode-codeql-starter\ql\javascript\ql\lib\semmle\javascript\frameworks\sequelize\model.yml.
[2023-04-14 22:01:45] [DETAILS] resolve extensions>   Found extension targeting codeql/javascript-all:sinkModel: 7 tuples.
[2023-04-14 22:01:45] [DETAILS] resolve extensions>   Found extension targeting codeql/javascript-all:typeModel: 248 tuples.
[2023-04-14 22:01:45] [DETAILS] resolve extensions>   Found extension targeting codeql/javascript-all:summaryModel: 5 tuples.
[2023-04-14 22:01:45] [DETAILS] resolve extensions>   Found extension targeting codeql/javascript-all:typeVariableModel: 2 tuples.
[2023-04-14 22:01:45] [PROGRESS] resolve extensions> Loading data extensions in D:\Works\Moonlay\Shannon\qcve\vscode-codeql-starter\ql\javascript\ql\lib\semmle\javascript\frameworks\spanner\model.yml.
[2023-04-14 22:01:45] [DETAILS] resolve extensions>   Found extension targeting codeql/javascript-all:typeModel: 174 tuples.
[2023-04-14 22:01:45] [DETAILS] resolve extensions>   Found extension targeting codeql/javascript-all:typeVariableModel: 5 tuples.
[2023-04-14 22:01:45] [PROGRESS] resolve extensions> Loading data extensions in D:\Works\Moonlay\Shannon\qcve\vscode-codeql-starter\ql\javascript\ql\lib\semmle\javascript\frameworks\sqlite3\model.yml.
[2023-04-14 22:01:45] [DETAILS] resolve extensions>   Found extension targeting codeql/javascript-all:typeModel: 15 tuples.
[2023-04-14 22:01:45] [DETAILS] resolve extensions>   Found extension targeting codeql/javascript-all:summaryModel: 3 tuples.
[2023-04-14 22:01:45] Plumbing command codeql resolve extensions completed:
                      {
                        "models" : [ ],
                        "data" : {
                          "D:\\Works\\Moonlay\\Shannon\\qcve\\databases\\ssl\\query" : [
                            {
                              "predicate" : "sinkModel",
                              "file" : "D:\\Works\\Moonlay\\Shannon\\qcve\\vscode-codeql-starter\\ql\\javascript\\ql\\lib\\semmle\\javascript\\frameworks\\data\\internal\\model.yml",
                              "index" : 1
                            },
                            {
                              "predicate" : "sourceModel",
                              "file" : "D:\\Works\\Moonlay\\Shannon\\qcve\\vscode-codeql-starter\\ql\\javascript\\ql\\lib\\semmle\\javascript\\frameworks\\data\\internal\\model.yml",
                              "index" : 0
                            },
                            {
                              "predicate" : "summaryModel",
                              "file" : "D:\\Works\\Moonlay\\Shannon\\qcve\\vscode-codeql-starter\\ql\\javascript\\ql\\lib\\semmle\\javascript\\frameworks\\data\\internal\\model.yml",
                              "index" : 2
                            },
                            {
                              "predicate" : "typeModel",
                              "file" : "D:\\Works\\Moonlay\\Shannon\\qcve\\vscode-codeql-starter\\ql\\javascript\\ql\\lib\\semmle\\javascript\\frameworks\\data\\internal\\model.yml",
                              "index" : 3
                            },
                            {
                              "predicate" : "typeVariableModel",
                              "file" : "D:\\Works\\Moonlay\\Shannon\\qcve\\vscode-codeql-starter\\ql\\javascript\\ql\\lib\\semmle\\javascript\\frameworks\\data\\internal\\model.yml",
                              "index" : 4
                            },
                            {
                              "predicate" : "typeModel",
                              "file" : "D:\\Works\\Moonlay\\Shannon\\qcve\\vscode-codeql-starter\\ql\\javascript\\ql\\lib\\semmle\\javascript\\frameworks\\minimongo\\model.yml",
                              "index" : 0
                            },
                            {
                              "predicate" : "sinkModel",
                              "file" : "D:\\Works\\Moonlay\\Shannon\\qcve\\vscode-codeql-starter\\ql\\javascript\\ql\\lib\\semmle\\javascript\\frameworks\\mongodb\\model.yml",
                              "index" : 0
                            },
                            {
                              "predicate" : "summaryModel",
                              "file" : "D:\\Works\\Moonlay\\Shannon\\qcve\\vscode-codeql-starter\\ql\\javascript\\ql\\lib\\semmle\\javascript\\frameworks\\mongodb\\model.yml",
                              "index" : 2
                            },
                            {
                              "predicate" : "typeModel",
                              "file" : "D:\\Works\\Moonlay\\Shannon\\qcve\\vscode-codeql-starter\\ql\\javascript\\ql\\lib\\semmle\\javascript\\frameworks\\mongodb\\model.yml",
                              "index" : 1
                            },
                            {
                              "predicate" : "typeVariableModel",
                              "file" : "D:\\Works\\Moonlay\\Shannon\\qcve\\vscode-codeql-starter\\ql\\javascript\\ql\\lib\\semmle\\javascript\\frameworks\\mongodb\\model.yml",
                              "index" : 3
                            },
                            {
                              "predicate" : "typeModel",
                              "file" : "D:\\Works\\Moonlay\\Shannon\\qcve\\vscode-codeql-starter\\ql\\javascript\\ql\\lib\\semmle\\javascript\\frameworks\\mssql\\model.yml",
                              "index" : 0
                            },
                            {
                              "predicate" : "summaryModel",
                              "file" : "D:\\Works\\Moonlay\\Shannon\\qcve\\vscode-codeql-starter\\ql\\javascript\\ql\\lib\\semmle\\javascript\\frameworks\\mysql\\model.yml",
                              "index" : 1
                            },
                            {
                              "predicate" : "typeModel",
                              "file" : "D:\\Works\\Moonlay\\Shannon\\qcve\\vscode-codeql-starter\\ql\\javascript\\ql\\lib\\semmle\\javascript\\frameworks\\mysql\\model.yml",
                              "index" : 0
                            },
                            {
                              "predicate" : "summaryModel",
                              "file" : "D:\\Works\\Moonlay\\Shannon\\qcve\\vscode-codeql-starter\\ql\\javascript\\ql\\lib\\semmle\\javascript\\frameworks\\pg\\model.yml",
                              "index" : 1
                            },
                            {
                              "predicate" : "typeModel",
                              "file" : "D:\\Works\\Moonlay\\Shannon\\qcve\\vscode-codeql-starter\\ql\\javascript\\ql\\lib\\semmle\\javascript\\frameworks\\pg\\model.yml",
                              "index" : 0
                            },
                            {
                              "predicate" : "typeVariableModel",
                              "file" : "D:\\Works\\Moonlay\\Shannon\\qcve\\vscode-codeql-starter\\ql\\javascript\\ql\\lib\\semmle\\javascript\\frameworks\\pg\\model.yml",
                              "index" : 2
                            },
                            {
                              "predicate" : "sinkModel",
                              "file" : "D:\\Works\\Moonlay\\Shannon\\qcve\\vscode-codeql-starter\\ql\\javascript\\ql\\lib\\semmle\\javascript\\frameworks\\sequelize\\model.yml",
                              "index" : 0
                            },
                            {
                              "predicate" : "summaryModel",
                              "file" : "D:\\Works\\Moonlay\\Shannon\\qcve\\vscode-codeql-starter\\ql\\javascript\\ql\\lib\\semmle\\javascript\\frameworks\\sequelize\\model.yml",
                              "index" : 2
                            },
                            {
                              "predicate" : "typeModel",
                              "file" : "D:\\Works\\Moonlay\\Shannon\\qcve\\vscode-codeql-starter\\ql\\javascript\\ql\\lib\\semmle\\javascript\\frameworks\\sequelize\\model.yml",
                              "index" : 1
                            },
                            {
                              "predicate" : "typeVariableModel",
                              "file" : "D:\\Works\\Moonlay\\Shannon\\qcve\\vscode-codeql-starter\\ql\\javascript\\ql\\lib\\semmle\\javascript\\frameworks\\sequelize\\model.yml",
                              "index" : 3
                            },
                            {
                              "predicate" : "typeModel",
                              "file" : "D:\\Works\\Moonlay\\Shannon\\qcve\\vscode-codeql-starter\\ql\\javascript\\ql\\lib\\semmle\\javascript\\frameworks\\spanner\\model.yml",
                              "index" : 0
                            },
                            {
                              "predicate" : "typeVariableModel",
                              "file" : "D:\\Works\\Moonlay\\Shannon\\qcve\\vscode-codeql-starter\\ql\\javascript\\ql\\lib\\semmle\\javascript\\frameworks\\spanner\\model.yml",
                              "index" : 1
                            },
                            {
                              "predicate" : "summaryModel",
                              "file" : "D:\\Works\\Moonlay\\Shannon\\qcve\\vscode-codeql-starter\\ql\\javascript\\ql\\lib\\semmle\\javascript\\frameworks\\sqlite3\\model.yml",
                              "index" : 1
                            },
                            {
                              "predicate" : "typeModel",
                              "file" : "D:\\Works\\Moonlay\\Shannon\\qcve\\vscode-codeql-starter\\ql\\javascript\\ql\\lib\\semmle\\javascript\\frameworks\\sqlite3\\model.yml",
                              "index" : 0
                            }
                          ]
                        }
                      }
[2023-04-14 22:01:45] [DETAILS] execute queries> Did not find any ML models.
[2023-04-14 22:01:46] Calling plumbing command: codeql resolve library-path --qlconfig-file=D:\Works\Moonlay\Shannon\qcve\databases\ssl\qlconfig.yml --query=D:\Works\Moonlay\Shannon\qcve\databases\ssl\query\empty-block.ql --format=json
[2023-04-14 22:01:46] [DETAILS] resolve library-path> Resolving query at normalized path D:\Works\Moonlay\Shannon\qcve\databases\ssl\query\empty-block.ql.
[2023-04-14 22:01:46] [DETAILS] resolve library-path> Found enclosing pack 'maulanardy/codeql-query' at D:\Works\Moonlay\Shannon\qcve\databases\ssl\query.
[2023-04-14 22:01:46] [DETAILS] resolve library-path> Adding compilation cache at C:\Users\arbom\.codeql\compile-cache.
[2023-04-14 22:01:46] [DETAILS] resolve library-path> Resolving library dependencies from D:\Works\Moonlay\Shannon\qcve\databases\ssl\query\qlpack.yml.
[2023-04-14 22:01:46] [SPAMMY] resolve library-path> [INCOMPATIBILITY] maulanardy/codeql-query: not 0.0.0 {root: maulanardy/codeql-query@0.0.0}
[2023-04-14 22:01:46] [SPAMMY] resolve library-path> [DERIVATION] maulanardy/codeql-query: 0.0.0 {maulanardy/codeql-query: not 0.0.0 {root: maulanardy/codeql-query@0.0.0}}
[2023-04-14 22:01:46] [SPAMMY] resolve library-path> [INCOMPATIBILITY] maulanardy/codeql-query: * [*], codeql/javascript-all: not * [*] {dependency: maulanardy/codeql-query@* [*] requires codeql/javascript-all@*}
[2023-04-14 22:01:46] [SPAMMY] resolve library-path> [DECISION 1] maulanardy/codeql-query: 0.0.0
[2023-04-14 22:01:46] [SPAMMY] resolve library-path> [DERIVATION] codeql/javascript-all: * [*] {maulanardy/codeql-query: * [*], codeql/javascript-all: not * [*] {dependency: maulanardy/codeql-query@* [*] requires codeql/javascript-all@*}}
[2023-04-14 22:01:46] [SPAMMY] resolve library-path> [INCOMPATIBILITY] codeql/javascript-all: * [*], codeql/regex: not * [*] {dependency: codeql/javascript-all@* [*] requires codeql/regex@0.0.10}
[2023-04-14 22:01:46] [SPAMMY] resolve library-path> [INCOMPATIBILITY] codeql/javascript-all: * [*], codeql/tutorial: not * [*] {dependency: codeql/javascript-all@* [*] requires codeql/tutorial@0.0.7}
[2023-04-14 22:01:46] [SPAMMY] resolve library-path> [DECISION 2] codeql/javascript-all: 0.5.2
[2023-04-14 22:01:46] [SPAMMY] resolve library-path> [DERIVATION] codeql/tutorial: * [*] {codeql/javascript-all: * [*], codeql/tutorial: not * [*] {dependency: codeql/javascript-all@* [*] requires codeql/tutorial@0.0.7}}
[2023-04-14 22:01:46] [SPAMMY] resolve library-path> [DERIVATION] codeql/regex: * [*] {codeql/javascript-all: * [*], codeql/regex: not * [*] {dependency: codeql/javascript-all@* [*] requires codeql/regex@0.0.10}}
[2023-04-14 22:01:46] [SPAMMY] resolve library-path> [DECISION 3] codeql/regex: 0.0.10
[2023-04-14 22:01:46] [SPAMMY] resolve library-path> [DECISION 4] codeql/tutorial: 0.0.7
[2023-04-14 22:01:46] [DETAILS] resolve library-path> QL pack dependencies for D:\Works\Moonlay\Shannon\qcve\databases\ssl\query resolved OK.
[2023-04-14 22:01:46] [DETAILS] resolve library-path> Found dbscheme through QL packs: C:\Users\arbom\.codeql\packages\codeql\javascript-all\0.5.2\semmlecode.javascript.dbscheme.
[2023-04-14 22:01:46] Plumbing command codeql resolve library-path completed:
                      {
                        "libraryPath" : [
                          "D:\\Works\\Moonlay\\Shannon\\qcve\\databases\\ssl\\query",
                          "C:\\Users\\arbom\\.codeql\\packages\\codeql\\javascript-all\\0.5.2",
                          "C:\\Users\\arbom\\.codeql\\packages\\codeql\\regex\\0.0.10",
                          "C:\\Users\\arbom\\.codeql\\packages\\codeql\\tutorial\\0.0.7"
                        ],
                        "dbscheme" : "C:\\Users\\arbom\\.codeql\\packages\\codeql\\javascript-all\\0.5.2\\semmlecode.javascript.dbscheme",
                        "compilationCache" : [
                          "C:\\Users\\arbom\\.codeql\\compile-cache"
                        ],
                        "relativeName" : "maulanardy\\codeql-query\\empty-block.ql",
                        "qlPackName" : "maulanardy/codeql-query"
                      }
[2023-04-14 22:01:46] [PROGRESS] execute queries> [1/2] No need to rerun D:\Works\Moonlay\Shannon\qcve\databases\ssl\query\empty-block.ql.
[2023-04-14 22:01:46] Calling plumbing command: codeql resolve library-path --qlconfig-file=D:\Works\Moonlay\Shannon\qcve\databases\ssl\qlconfig.yml --query=D:\Works\Moonlay\Shannon\qcve\databases\ssl\query\example.ql --format=json
[2023-04-14 22:01:46] [DETAILS] resolve library-path> Resolving query at normalized path D:\Works\Moonlay\Shannon\qcve\databases\ssl\query\example.ql.
[2023-04-14 22:01:46] [DETAILS] resolve library-path> Found enclosing pack 'maulanardy/codeql-query' at D:\Works\Moonlay\Shannon\qcve\databases\ssl\query.
[2023-04-14 22:01:46] [DETAILS] resolve library-path> Adding compilation cache at C:\Users\arbom\.codeql\compile-cache.
[2023-04-14 22:01:46] [DETAILS] resolve library-path> QL pack dependencies for D:\Works\Moonlay\Shannon\qcve\databases\ssl\query found in cache.
[2023-04-14 22:01:46] [DETAILS] resolve library-path> Found dbscheme through QL packs: C:\Users\arbom\.codeql\packages\codeql\javascript-all\0.5.2\semmlecode.javascript.dbscheme.
[2023-04-14 22:01:46] Plumbing command codeql resolve library-path completed:
                      {
                        "libraryPath" : [
                          "D:\\Works\\Moonlay\\Shannon\\qcve\\databases\\ssl\\query",
                          "C:\\Users\\arbom\\.codeql\\packages\\codeql\\javascript-all\\0.5.2",
                          "C:\\Users\\arbom\\.codeql\\packages\\codeql\\regex\\0.0.10",
                          "C:\\Users\\arbom\\.codeql\\packages\\codeql\\tutorial\\0.0.7"
                        ],
                        "dbscheme" : "C:\\Users\\arbom\\.codeql\\packages\\codeql\\javascript-all\\0.5.2\\semmlecode.javascript.dbscheme",
                        "compilationCache" : [
                          "C:\\Users\\arbom\\.codeql\\compile-cache"
                        ],
                        "relativeName" : "maulanardy\\codeql-query\\example.ql",
                        "qlPackName" : "maulanardy/codeql-query"
                      }
[2023-04-14 22:01:46] [PROGRESS] execute queries> [2/2] No need to rerun D:\Works\Moonlay\Shannon\qcve\databases\ssl\query\example.ql.
[2023-04-14 22:01:46] [PROGRESS] execute queries> Shutting down query evaluator.
[2023-04-14 22:01:46] Sequence stamp origin is -6331965037486369312
[2023-04-14 22:01:46] Pausing evaluation to close the cache at sequence stamp o+0
[2023-04-14 22:01:46] The disk cache is freshly trimmed; leave it be.
[2023-04-14 22:01:46] Unpausing evaluation
[2023-04-14 22:01:46] Terminating normally.
