[2023-04-10 15:13:02] This is codeql execute queries -J-Xmx1974M --off-heap-ram=1974 --verbosity=progress --logdir=D:\Works\Moonlay\Shannon\qcve\databases\ssl\codeql_db\log --evaluator-log-level=5 --warnings=show --qlconfig-file=D:\Works\Moonlay\Shannon\qcve\databases\ssl\qlconfig.yml --no-rerun --output=D:\Works\Moonlay\Shannon\qcve\databases\ssl\codeql_db\results -- D:\Works\Moonlay\Shannon\qcve\databases\ssl\codeql_db\db-javascript ./query
[2023-04-10 15:13:02] Calling plumbing command: codeql resolve queries --qlconfig-file=D:\Works\Moonlay\Shannon\qcve\databases\ssl\qlconfig.yml --format=json -- ./query
[2023-04-10 15:13:02] [PROGRESS] resolve queries> Recording pack reference maulanardy/codeql-query at D:\Works\Moonlay\Shannon\qcve\databases\ssl\query.
[2023-04-10 15:13:02] [SPAMMY] resolve queries> Scanning for QL files at D:\Works\Moonlay\Shannon\qcve\databases\ssl\query.
[2023-04-10 15:13:02] [SPAMMY] resolve queries> Found 2 QL files in D:\Works\Moonlay\Shannon\qcve\databases\ssl\query.
[2023-04-10 15:13:02] Plumbing command codeql resolve queries completed:
                      [
                        "D:\\Works\\Moonlay\\Shannon\\qcve\\databases\\ssl\\query\\empty-block.ql",
                        "D:\\Works\\Moonlay\\Shannon\\qcve\\databases\\ssl\\query\\example.ql"
                      ]
[2023-04-10 15:13:02] Refusing fancy output: Cannot detect terminal size on this platform
[2023-04-10 15:13:02] Creating executor with 1 threads.
[2023-04-10 15:13:02] Calling plumbing command: codeql resolve extensions --qlconfig-file=D:\Works\Moonlay\Shannon\qcve\databases\ssl\qlconfig.yml ./query
[2023-04-10 15:13:02] Calling plumbing command: codeql resolve queries --qlconfig-file=D:\Works\Moonlay\Shannon\qcve\databases\ssl\qlconfig.yml --format startingpacks -- ./query
[2023-04-10 15:13:02] [PROGRESS] resolve queries> Recording pack reference maulanardy/codeql-query at D:\Works\Moonlay\Shannon\qcve\databases\ssl\query.
[2023-04-10 15:13:02] [SPAMMY] resolve queries> Scanning for QL files at D:\Works\Moonlay\Shannon\qcve\databases\ssl\query.
[2023-04-10 15:13:02] [SPAMMY] resolve queries> Found 2 QL files in D:\Works\Moonlay\Shannon\qcve\databases\ssl\query.
[2023-04-10 15:13:02] Plumbing command codeql resolve queries completed:
                      [
                        "D:\\Works\\Moonlay\\Shannon\\qcve\\databases\\ssl\\query"
                      ]
[2023-04-10 15:13:03] [PROGRESS] resolve extensions> Loading data extensions in D:\Works\Moonlay\Shannon\qcve\vscode-codeql-starter\ql\javascript\ql\lib\semmle\javascript\frameworks\data\internal\model.yml.
[2023-04-10 15:13:03] [DETAILS] resolve extensions>   Found extension targeting codeql/javascript-all:sourceModel: 0 tuples.
[2023-04-10 15:13:03] [DETAILS] resolve extensions>   Found extension targeting codeql/javascript-all:sinkModel: 0 tuples.
[2023-04-10 15:13:03] [DETAILS] resolve extensions>   Found extension targeting codeql/javascript-all:summaryModel: 0 tuples.
[2023-04-10 15:13:03] [DETAILS] resolve extensions>   Found extension targeting codeql/javascript-all:typeModel: 0 tuples.
[2023-04-10 15:13:03] [DETAILS] resolve extensions>   Found extension targeting codeql/javascript-all:typeVariableModel: 0 tuples.
[2023-04-10 15:13:03] [PROGRESS] resolve extensions> Loading data extensions in D:\Works\Moonlay\Shannon\qcve\vscode-codeql-starter\ql\javascript\ql\lib\semmle\javascript\frameworks\minimongo\model.yml.
[2023-04-10 15:13:03] [DETAILS] resolve extensions>   Found extension targeting codeql/javascript-all:typeModel: 75 tuples.
[2023-04-10 15:13:03] [PROGRESS] resolve extensions> Loading data extensions in D:\Works\Moonlay\Shannon\qcve\vscode-codeql-starter\ql\javascript\ql\lib\semmle\javascript\frameworks\mongodb\model.yml.
[2023-04-10 15:13:03] [DETAILS] resolve extensions>   Found extension targeting codeql/javascript-all:sinkModel: 26 tuples.
[2023-04-10 15:13:03] [DETAILS] resolve extensions>   Found extension targeting codeql/javascript-all:typeModel: 611 tuples.
[2023-04-10 15:13:03] [DETAILS] resolve extensions>   Found extension targeting codeql/javascript-all:summaryModel: 32 tuples.
[2023-04-10 15:13:03] [DETAILS] resolve extensions>   Found extension targeting codeql/javascript-all:typeVariableModel: 102 tuples.
[2023-04-10 15:13:03] [PROGRESS] resolve extensions> Loading data extensions in D:\Works\Moonlay\Shannon\qcve\vscode-codeql-starter\ql\javascript\ql\lib\semmle\javascript\frameworks\mssql\model.yml.
[2023-04-10 15:13:03] [DETAILS] resolve extensions>   Found extension targeting codeql/javascript-all:typeModel: 34 tuples.
[2023-04-10 15:13:03] [PROGRESS] resolve extensions> Loading data extensions in D:\Works\Moonlay\Shannon\qcve\vscode-codeql-starter\ql\javascript\ql\lib\semmle\javascript\frameworks\mysql\model.yml.
[2023-04-10 15:13:03] [DETAILS] resolve extensions>   Found extension targeting codeql/javascript-all:typeModel: 57 tuples.
[2023-04-10 15:13:03] [DETAILS] resolve extensions>   Found extension targeting codeql/javascript-all:summaryModel: 3 tuples.
[2023-04-10 15:13:03] [PROGRESS] resolve extensions> Loading data extensions in D:\Works\Moonlay\Shannon\qcve\vscode-codeql-starter\ql\javascript\ql\lib\semmle\javascript\frameworks\pg\model.yml.
[2023-04-10 15:13:03] [DETAILS] resolve extensions>   Found extension targeting codeql/javascript-all:typeModel: 65 tuples.
[2023-04-10 15:13:03] [DETAILS] resolve extensions>   Found extension targeting codeql/javascript-all:summaryModel: 5 tuples.
[2023-04-10 15:13:03] [DETAILS] resolve extensions>   Found extension targeting codeql/javascript-all:typeVariableModel: 23 tuples.
[2023-04-10 15:13:03] [PROGRESS] resolve extensions> Loading data extensions in D:\Works\Moonlay\Shannon\qcve\vscode-codeql-starter\ql\javascript\ql\lib\semmle\javascript\frameworks\sequelize\model.yml.
[2023-04-10 15:13:03] [DETAILS] resolve extensions>   Found extension targeting codeql/javascript-all:sinkModel: 7 tuples.
[2023-04-10 15:13:03] [DETAILS] resolve extensions>   Found extension targeting codeql/javascript-all:typeModel: 248 tuples.
[2023-04-10 15:13:03] [DETAILS] resolve extensions>   Found extension targeting codeql/javascript-all:summaryModel: 5 tuples.
[2023-04-10 15:13:03] [DETAILS] resolve extensions>   Found extension targeting codeql/javascript-all:typeVariableModel: 2 tuples.
[2023-04-10 15:13:03] [PROGRESS] resolve extensions> Loading data extensions in D:\Works\Moonlay\Shannon\qcve\vscode-codeql-starter\ql\javascript\ql\lib\semmle\javascript\frameworks\spanner\model.yml.
[2023-04-10 15:13:03] [DETAILS] resolve extensions>   Found extension targeting codeql/javascript-all:typeModel: 174 tuples.
[2023-04-10 15:13:03] [DETAILS] resolve extensions>   Found extension targeting codeql/javascript-all:typeVariableModel: 5 tuples.
[2023-04-10 15:13:03] [PROGRESS] resolve extensions> Loading data extensions in D:\Works\Moonlay\Shannon\qcve\vscode-codeql-starter\ql\javascript\ql\lib\semmle\javascript\frameworks\sqlite3\model.yml.
[2023-04-10 15:13:03] [DETAILS] resolve extensions>   Found extension targeting codeql/javascript-all:typeModel: 15 tuples.
[2023-04-10 15:13:03] [DETAILS] resolve extensions>   Found extension targeting codeql/javascript-all:summaryModel: 3 tuples.
[2023-04-10 15:13:03] Plumbing command codeql resolve extensions completed:
                      {
                        "models" : [ ],
                        "data" : {
                          "D:\\Works\\Moonlay\\Shannon\\qcve\\databases\\ssl\\query" : [
                            {
                              "predicate" : "sinkModel",
                              "file" : "D:\\Works\\Moonlay\\Shannon\\qcve\\vscode-codeql-starter\\ql\\javascript\\ql\\lib\\semmle\\javascript\\frameworks\\data\\internal\\model.yml",
                              "index" : 1
                            },
                            {
                              "predicate" : "sourceModel",
                              "file" : "D:\\Works\\Moonlay\\Shannon\\qcve\\vscode-codeql-starter\\ql\\javascript\\ql\\lib\\semmle\\javascript\\frameworks\\data\\internal\\model.yml",
                              "index" : 0
                            },
                            {
                              "predicate" : "summaryModel",
                              "file" : "D:\\Works\\Moonlay\\Shannon\\qcve\\vscode-codeql-starter\\ql\\javascript\\ql\\lib\\semmle\\javascript\\frameworks\\data\\internal\\model.yml",
                              "index" : 2
                            },
                            {
                              "predicate" : "typeModel",
                              "file" : "D:\\Works\\Moonlay\\Shannon\\qcve\\vscode-codeql-starter\\ql\\javascript\\ql\\lib\\semmle\\javascript\\frameworks\\data\\internal\\model.yml",
                              "index" : 3
                            },
                            {
                              "predicate" : "typeVariableModel",
                              "file" : "D:\\Works\\Moonlay\\Shannon\\qcve\\vscode-codeql-starter\\ql\\javascript\\ql\\lib\\semmle\\javascript\\frameworks\\data\\internal\\model.yml",
                              "index" : 4
                            },
                            {
                              "predicate" : "typeModel",
                              "file" : "D:\\Works\\Moonlay\\Shannon\\qcve\\vscode-codeql-starter\\ql\\javascript\\ql\\lib\\semmle\\javascript\\frameworks\\minimongo\\model.yml",
                              "index" : 0
                            },
                            {
                              "predicate" : "sinkModel",
                              "file" : "D:\\Works\\Moonlay\\Shannon\\qcve\\vscode-codeql-starter\\ql\\javascript\\ql\\lib\\semmle\\javascript\\frameworks\\mongodb\\model.yml",
                              "index" : 0
                            },
                            {
                              "predicate" : "summaryModel",
                              "file" : "D:\\Works\\Moonlay\\Shannon\\qcve\\vscode-codeql-starter\\ql\\javascript\\ql\\lib\\semmle\\javascript\\frameworks\\mongodb\\model.yml",
                              "index" : 2
                            },
                            {
                              "predicate" : "typeModel",
                              "file" : "D:\\Works\\Moonlay\\Shannon\\qcve\\vscode-codeql-starter\\ql\\javascript\\ql\\lib\\semmle\\javascript\\frameworks\\mongodb\\model.yml",
                              "index" : 1
                            },
                            {
                              "predicate" : "typeVariableModel",
                              "file" : "D:\\Works\\Moonlay\\Shannon\\qcve\\vscode-codeql-starter\\ql\\javascript\\ql\\lib\\semmle\\javascript\\frameworks\\mongodb\\model.yml",
                              "index" : 3
                            },
                            {
                              "predicate" : "typeModel",
                              "file" : "D:\\Works\\Moonlay\\Shannon\\qcve\\vscode-codeql-starter\\ql\\javascript\\ql\\lib\\semmle\\javascript\\frameworks\\mssql\\model.yml",
                              "index" : 0
                            },
                            {
                              "predicate" : "summaryModel",
                              "file" : "D:\\Works\\Moonlay\\Shannon\\qcve\\vscode-codeql-starter\\ql\\javascript\\ql\\lib\\semmle\\javascript\\frameworks\\mysql\\model.yml",
                              "index" : 1
                            },
                            {
                              "predicate" : "typeModel",
                              "file" : "D:\\Works\\Moonlay\\Shannon\\qcve\\vscode-codeql-starter\\ql\\javascript\\ql\\lib\\semmle\\javascript\\frameworks\\mysql\\model.yml",
                              "index" : 0
                            },
                            {
                              "predicate" : "summaryModel",
                              "file" : "D:\\Works\\Moonlay\\Shannon\\qcve\\vscode-codeql-starter\\ql\\javascript\\ql\\lib\\semmle\\javascript\\frameworks\\pg\\model.yml",
                              "index" : 1
                            },
                            {
                              "predicate" : "typeModel",
                              "file" : "D:\\Works\\Moonlay\\Shannon\\qcve\\vscode-codeql-starter\\ql\\javascript\\ql\\lib\\semmle\\javascript\\frameworks\\pg\\model.yml",
                              "index" : 0
                            },
                            {
                              "predicate" : "typeVariableModel",
                              "file" : "D:\\Works\\Moonlay\\Shannon\\qcve\\vscode-codeql-starter\\ql\\javascript\\ql\\lib\\semmle\\javascript\\frameworks\\pg\\model.yml",
                              "index" : 2
                            },
                            {
                              "predicate" : "sinkModel",
                              "file" : "D:\\Works\\Moonlay\\Shannon\\qcve\\vscode-codeql-starter\\ql\\javascript\\ql\\lib\\semmle\\javascript\\frameworks\\sequelize\\model.yml",
                              "index" : 0
                            },
                            {
                              "predicate" : "summaryModel",
                              "file" : "D:\\Works\\Moonlay\\Shannon\\qcve\\vscode-codeql-starter\\ql\\javascript\\ql\\lib\\semmle\\javascript\\frameworks\\sequelize\\model.yml",
                              "index" : 2
                            },
                            {
                              "predicate" : "typeModel",
                              "file" : "D:\\Works\\Moonlay\\Shannon\\qcve\\vscode-codeql-starter\\ql\\javascript\\ql\\lib\\semmle\\javascript\\frameworks\\sequelize\\model.yml",
                              "index" : 1
                            },
                            {
                              "predicate" : "typeVariableModel",
                              "file" : "D:\\Works\\Moonlay\\Shannon\\qcve\\vscode-codeql-starter\\ql\\javascript\\ql\\lib\\semmle\\javascript\\frameworks\\sequelize\\model.yml",
                              "index" : 3
                            },
                            {
                              "predicate" : "typeModel",
                              "file" : "D:\\Works\\Moonlay\\Shannon\\qcve\\vscode-codeql-starter\\ql\\javascript\\ql\\lib\\semmle\\javascript\\frameworks\\spanner\\model.yml",
                              "index" : 0
                            },
                            {
                              "predicate" : "typeVariableModel",
                              "file" : "D:\\Works\\Moonlay\\Shannon\\qcve\\vscode-codeql-starter\\ql\\javascript\\ql\\lib\\semmle\\javascript\\frameworks\\spanner\\model.yml",
                              "index" : 1
                            },
                            {
                              "predicate" : "summaryModel",
                              "file" : "D:\\Works\\Moonlay\\Shannon\\qcve\\vscode-codeql-starter\\ql\\javascript\\ql\\lib\\semmle\\javascript\\frameworks\\sqlite3\\model.yml",
                              "index" : 1
                            },
                            {
                              "predicate" : "typeModel",
                              "file" : "D:\\Works\\Moonlay\\Shannon\\qcve\\vscode-codeql-starter\\ql\\javascript\\ql\\lib\\semmle\\javascript\\frameworks\\sqlite3\\model.yml",
                              "index" : 0
                            }
                          ]
                        }
                      }
[2023-04-10 15:13:03] [DETAILS] execute queries> Did not find any ML models.
[2023-04-10 15:13:03] Calling plumbing command: codeql resolve library-path --qlconfig-file=D:\Works\Moonlay\Shannon\qcve\databases\ssl\qlconfig.yml --query=D:\Works\Moonlay\Shannon\qcve\databases\ssl\query\empty-block.ql --format=json
[2023-04-10 15:13:03] [DETAILS] resolve library-path> Resolving query at normalized path D:\Works\Moonlay\Shannon\qcve\databases\ssl\query\empty-block.ql.
[2023-04-10 15:13:03] [DETAILS] resolve library-path> Found enclosing pack 'maulanardy/codeql-query' at D:\Works\Moonlay\Shannon\qcve\databases\ssl\query.
[2023-04-10 15:13:03] [DETAILS] resolve library-path> Adding compilation cache at C:\Users\arbom\.codeql\compile-cache.
[2023-04-10 15:13:03] [DETAILS] resolve library-path> Resolving library dependencies from D:\Works\Moonlay\Shannon\qcve\databases\ssl\query\qlpack.yml.
[2023-04-10 15:13:03] [SPAMMY] resolve library-path> [INCOMPATIBILITY] maulanardy/codeql-query: not 0.0.0 {root: maulanardy/codeql-query@0.0.0}
[2023-04-10 15:13:03] [SPAMMY] resolve library-path> [DERIVATION] maulanardy/codeql-query: 0.0.0 {maulanardy/codeql-query: not 0.0.0 {root: maulanardy/codeql-query@0.0.0}}
[2023-04-10 15:13:03] [SPAMMY] resolve library-path> [INCOMPATIBILITY] maulanardy/codeql-query: * [*], codeql/javascript-all: not * [*] {dependency: maulanardy/codeql-query@* [*] requires codeql/javascript-all@*}
[2023-04-10 15:13:03] [SPAMMY] resolve library-path> [DECISION 1] maulanardy/codeql-query: 0.0.0
[2023-04-10 15:13:03] [SPAMMY] resolve library-path> [DERIVATION] codeql/javascript-all: * [*] {maulanardy/codeql-query: * [*], codeql/javascript-all: not * [*] {dependency: maulanardy/codeql-query@* [*] requires codeql/javascript-all@*}}
[2023-04-10 15:13:03] [SPAMMY] resolve library-path> [INCOMPATIBILITY] codeql/javascript-all: * [*], codeql/regex: not * [*] {dependency: codeql/javascript-all@* [*] requires codeql/regex@0.0.10}
[2023-04-10 15:13:03] [SPAMMY] resolve library-path> [INCOMPATIBILITY] codeql/javascript-all: * [*], codeql/tutorial: not * [*] {dependency: codeql/javascript-all@* [*] requires codeql/tutorial@0.0.7}
[2023-04-10 15:13:03] [SPAMMY] resolve library-path> [DECISION 2] codeql/javascript-all: 0.5.2
[2023-04-10 15:13:03] [SPAMMY] resolve library-path> [DERIVATION] codeql/tutorial: * [*] {codeql/javascript-all: * [*], codeql/tutorial: not * [*] {dependency: codeql/javascript-all@* [*] requires codeql/tutorial@0.0.7}}
[2023-04-10 15:13:03] [SPAMMY] resolve library-path> [DERIVATION] codeql/regex: * [*] {codeql/javascript-all: * [*], codeql/regex: not * [*] {dependency: codeql/javascript-all@* [*] requires codeql/regex@0.0.10}}
[2023-04-10 15:13:03] [SPAMMY] resolve library-path> [DECISION 3] codeql/regex: 0.0.10
[2023-04-10 15:13:03] [SPAMMY] resolve library-path> [DECISION 4] codeql/tutorial: 0.0.7
[2023-04-10 15:13:03] [DETAILS] resolve library-path> QL pack dependencies for D:\Works\Moonlay\Shannon\qcve\databases\ssl\query resolved OK.
[2023-04-10 15:13:03] [DETAILS] resolve library-path> Found dbscheme through QL packs: C:\Users\arbom\.codeql\packages\codeql\javascript-all\0.5.2\semmlecode.javascript.dbscheme.
[2023-04-10 15:13:03] Plumbing command codeql resolve library-path completed:
                      {
                        "libraryPath" : [
                          "D:\\Works\\Moonlay\\Shannon\\qcve\\databases\\ssl\\query",
                          "C:\\Users\\arbom\\.codeql\\packages\\codeql\\javascript-all\\0.5.2",
                          "C:\\Users\\arbom\\.codeql\\packages\\codeql\\regex\\0.0.10",
                          "C:\\Users\\arbom\\.codeql\\packages\\codeql\\tutorial\\0.0.7"
                        ],
                        "dbscheme" : "C:\\Users\\arbom\\.codeql\\packages\\codeql\\javascript-all\\0.5.2\\semmlecode.javascript.dbscheme",
                        "compilationCache" : [
                          "C:\\Users\\arbom\\.codeql\\compile-cache"
                        ],
                        "relativeName" : "maulanardy\\codeql-query\\empty-block.ql",
                        "qlPackName" : "maulanardy/codeql-query"
                      }
[2023-04-10 15:13:03] [PROGRESS] execute queries> Compiling query plan for D:\Works\Moonlay\Shannon\qcve\databases\ssl\query\empty-block.ql.
[2023-04-10 15:13:03] [DETAILS] execute queries> Resolving imports for D:\Works\Moonlay\Shannon\qcve\databases\ssl\query\empty-block.ql.
[2023-04-10 15:13:05] Resolved file set for D:\Works\Moonlay\Shannon\qcve\databases\ssl\query\empty-block.ql hashes to 3643541173a925270718f3bda0b1fdd3eebbabc9.
[2023-04-10 15:13:05] [DETAILS] execute queries> Checking QL for D:\Works\Moonlay\Shannon\qcve\databases\ssl\query\empty-block.ql.
[2023-04-10 15:13:05] ExternalModuleBindingPass ...
[2023-04-10 15:13:06] ExternalModuleBindingPass time: 00:01.150
[2023-04-10 15:13:06] QLPredicateSynthesiser ...
[2023-04-10 15:13:07] QLPredicateSynthesiser time: 00:00.034
[2023-04-10 15:13:07] DeclarationBindingPass ...
[2023-04-10 15:13:07] DeclarationBindingPass time: 00:00.131
[2023-04-10 15:13:07] Fixed point time ...
[2023-04-10 15:13:08] Fixed point time time: 00:01.242
[2023-04-10 15:13:08] ReferenceBindingPass ...
[2023-04-10 15:13:08] ReferenceBindingPass time: 00:00.110
[2023-04-10 15:13:08] PopulateInstantiationMapPass ...
[2023-04-10 15:13:08] PopulateInstantiationMapPass time: 00:00.030
[2023-04-10 15:13:08] ReferenceBindingCheck ...
[2023-04-10 15:13:08] ReferenceBindingCheck time: 00:00.122
[2023-04-10 15:13:08] PredicateBodyBindingPass ...
[2023-04-10 15:13:09] PredicateBodyBindingPass time: 00:00.864
[2023-04-10 15:13:09] LanguagePragmaPropagationPass ...
[2023-04-10 15:13:09] LanguagePragmaPropagationPass time: 00:00.033
[2023-04-10 15:13:09] Ambiguity checks ...
[2023-04-10 15:13:10] Ambiguity checks time: 00:00.525
[2023-04-10 15:13:10] Ql checks ...
[2023-04-10 15:13:11] Ql checks time: 00:01.548
[2023-04-10 15:13:15] Compilation pipeline
[2023-04-10 15:13:15] Type Inference ...
[2023-04-10 15:13:15] CSV_TYPE_HIERARCHY: Best number of iterations,Maximum number of runs,Number of BDD variables,Size of BDD for typefacts
[2023-04-10 15:13:15] CSV_TYPE_HIERARCHY: 0,0,1,1
[2023-04-10 15:13:15] CSV_TYPE_HIERARCHY: 0,0,0,0
[2023-04-10 15:13:15] CSV_TYPE_HIERARCHY: 0,0,115,136
[2023-04-10 15:13:15] CSV_TYPE_HIERARCHY: 0,0,1,1
[2023-04-10 15:13:15] CSV_TYPE_HIERARCHY: 0,0,0,0
[2023-04-10 15:13:16] CSV_TYPE_HIERARCHY: 0,0,696,2952
[2023-04-10 15:13:16] CSV_TYPE_HIERARCHY: 0,0,901,58657
[2023-04-10 15:13:16] CSV_TYPE_HIERARCHY: 0,0,9,9
[2023-04-10 15:13:16] CSV_TYPE_HIERARCHY: 0,0,2,2
[2023-04-10 15:13:16] CSV_TYPE_HIERARCHY: 0,0,2,2
[2023-04-10 15:13:16] CSV_TYPE_HIERARCHY: 0,0,2,2
[2023-04-10 15:13:16] CSV_TYPE_HIERARCHY: 0,0,2,2
[2023-04-10 15:13:16] CSV_TYPE_HIERARCHY: 0,0,26,26
[2023-04-10 15:13:16] CSV_TYPE_HIERARCHY: 0,0,4,4
[2023-04-10 15:13:16] CSV_TYPE_HIERARCHY: 0,0,12,12
[2023-04-10 15:13:16] CSV_TYPE_HIERARCHY: 0,0,2,2
[2023-04-10 15:13:16] CSV_TYPE_HIERARCHY: 0,0,1,1
[2023-04-10 15:13:16] CSV_TYPE_HIERARCHY: 0,0,12,15
[2023-04-10 15:13:16] CSV_TYPE_HIERARCHY: 0,0,4,4
[2023-04-10 15:13:16] CSV_TYPE_HIERARCHY: 0,0,2,2
[2023-04-10 15:13:16] CSV_TYPE_HIERARCHY: 0,0,6,7
[2023-04-10 15:13:16] CSV_TYPE_HIERARCHY: 0,0,2,2
[2023-04-10 15:13:16] CSV_TYPE_HIERARCHY: 0,0,8,8
[2023-04-10 15:13:16] CSV_TYPE_HIERARCHY: 0,0,19,27
[2023-04-10 15:13:16] CSV_TYPE_HIERARCHY: 0,0,2,2
[2023-04-10 15:13:16] CSV_TYPE_HIERARCHY: 0,0,18,18
[2023-04-10 15:13:16] CSV_TYPE_HIERARCHY: 0,0,8,8
[2023-04-10 15:13:16] CSV_TYPE_HIERARCHY: 0,0,11,11
[2023-04-10 15:13:16] CSV_TYPE_HIERARCHY: 0,0,2,2
[2023-04-10 15:13:16] CSV_TYPE_HIERARCHY: 0,0,4,4
[2023-04-10 15:13:16] CSV_TYPE_HIERARCHY: 0,0,2,2
[2023-04-10 15:13:16] CSV_TYPE_HIERARCHY: 0,0,2,2
[2023-04-10 15:13:16] CSV_TYPE_HIERARCHY: 0,0,16,18
[2023-04-10 15:13:16] CSV_TYPE_HIERARCHY: 0,0,6,6
[2023-04-10 15:13:16] CSV_TYPE_HIERARCHY: 0,0,2,2
[2023-04-10 15:13:16] CSV_TYPE_HIERARCHY: 0,0,4,4
[2023-04-10 15:13:16] CSV_TYPE_HIERARCHY: 0,0,2,2
[2023-04-10 15:13:16] CSV_TYPE_HIERARCHY: 0,0,7,10
[2023-04-10 15:13:16] CSV_TYPE_HIERARCHY: 0,0,6,7
[2023-04-10 15:13:16] CSV_TYPE_HIERARCHY: 0,0,6,6
[2023-04-10 15:13:16] CSV_TYPE_HIERARCHY: 0,0,3,3
[2023-04-10 15:13:18] Type Inference time: 00:03.025
[2023-04-10 15:13:19] [DETAILS] execute queries> Optimizing D:\Works\Moonlay\Shannon\qcve\databases\ssl\query\empty-block.ql.
[2023-04-10 15:13:19] Processing compilation pipeline
[2023-04-10 15:13:19] Started compiling a query
[2023-04-10 15:13:19] Initialising compiler...
[2023-04-10 15:13:19] 	 ... compiler initialised
[2023-04-10 15:13:19] About to start query optimisation
[2023-04-10 15:13:19] Compilation cache miss for f55d7b9e9c45a9953190455dcc2f0183d412e804.
[2023-04-10 15:13:20] Stored compiled program for f55d7b9e9c45a9953190455dcc2f0183d412e804.
[2023-04-10 15:13:20] CSV_COMPILATION: NONE,MISC,RA_TRANSLATION,OPTIMISATIONS
[2023-04-10 15:13:20] CSV_COMPILATION: 125,132,445,759
[2023-04-10 15:13:20] [SPAMMY] execute queries> No database upgrade/downgrade needed for D:\Works\Moonlay\Shannon\qcve\databases\ssl\query\empty-block.ql
[2023-04-10 15:13:20] [PROGRESS] execute queries> [1/2 comp 17s] Compiled D:\Works\Moonlay\Shannon\qcve\databases\ssl\query\empty-block.ql.
[2023-04-10 15:13:20] Calling plumbing command: codeql resolve library-path --qlconfig-file=D:\Works\Moonlay\Shannon\qcve\databases\ssl\qlconfig.yml --query=D:\Works\Moonlay\Shannon\qcve\databases\ssl\query\example.ql --format=json
[2023-04-10 15:13:20] [DETAILS] resolve library-path> Resolving query at normalized path D:\Works\Moonlay\Shannon\qcve\databases\ssl\query\example.ql.
[2023-04-10 15:13:20] [DETAILS] resolve library-path> Found enclosing pack 'maulanardy/codeql-query' at D:\Works\Moonlay\Shannon\qcve\databases\ssl\query.
[2023-04-10 15:13:20] [DETAILS] resolve library-path> Adding compilation cache at C:\Users\arbom\.codeql\compile-cache.
[2023-04-10 15:13:20] [DETAILS] resolve library-path> QL pack dependencies for D:\Works\Moonlay\Shannon\qcve\databases\ssl\query found in cache.
[2023-04-10 15:13:20] [DETAILS] resolve library-path> Found dbscheme through QL packs: C:\Users\arbom\.codeql\packages\codeql\javascript-all\0.5.2\semmlecode.javascript.dbscheme.
[2023-04-10 15:13:20] Plumbing command codeql resolve library-path completed:
                      {
                        "libraryPath" : [
                          "D:\\Works\\Moonlay\\Shannon\\qcve\\databases\\ssl\\query",
                          "C:\\Users\\arbom\\.codeql\\packages\\codeql\\javascript-all\\0.5.2",
                          "C:\\Users\\arbom\\.codeql\\packages\\codeql\\regex\\0.0.10",
                          "C:\\Users\\arbom\\.codeql\\packages\\codeql\\tutorial\\0.0.7"
                        ],
                        "dbscheme" : "C:\\Users\\arbom\\.codeql\\packages\\codeql\\javascript-all\\0.5.2\\semmlecode.javascript.dbscheme",
                        "compilationCache" : [
                          "C:\\Users\\arbom\\.codeql\\compile-cache"
                        ],
                        "relativeName" : "maulanardy\\codeql-query\\example.ql",
                        "qlPackName" : "maulanardy/codeql-query"
                      }
[2023-04-10 15:13:20] [PROGRESS] execute queries> Compiling query plan for D:\Works\Moonlay\Shannon\qcve\databases\ssl\query\example.ql.
[2023-04-10 15:13:20] [DETAILS] execute queries> Resolving imports for D:\Works\Moonlay\Shannon\qcve\databases\ssl\query\example.ql.
[2023-04-10 15:13:21] Resolved file set for D:\Works\Moonlay\Shannon\qcve\databases\ssl\query\example.ql hashes to 286d965dd3531ad3469bdb42a5b1af65626f58d3.
[2023-04-10 15:13:21] [DETAILS] execute queries> Checking QL for D:\Works\Moonlay\Shannon\qcve\databases\ssl\query\example.ql.
[2023-04-10 15:13:21] ExternalModuleBindingPass ...
[2023-04-10 15:13:22] ExternalModuleBindingPass time: 00:00.824
[2023-04-10 15:13:22] QLPredicateSynthesiser ...
[2023-04-10 15:13:22] QLPredicateSynthesiser time: 00:00.004
[2023-04-10 15:13:22] DeclarationBindingPass ...
[2023-04-10 15:13:22] DeclarationBindingPass time: 00:00.027
[2023-04-10 15:13:22] Fixed point time ...
[2023-04-10 15:13:23] Fixed point time time: 00:00.703
[2023-04-10 15:13:23] ReferenceBindingPass ...
[2023-04-10 15:13:23] ReferenceBindingPass time: 00:00.133
[2023-04-10 15:13:23] PopulateInstantiationMapPass ...
[2023-04-10 15:13:23] PopulateInstantiationMapPass time: 00:00.014
[2023-04-10 15:13:23] ReferenceBindingCheck ...
[2023-04-10 15:13:23] ReferenceBindingCheck time: 00:00.055
[2023-04-10 15:13:23] PredicateBodyBindingPass ...
[2023-04-10 15:13:24] PredicateBodyBindingPass time: 00:00.596
[2023-04-10 15:13:24] LanguagePragmaPropagationPass ...
[2023-04-10 15:13:24] LanguagePragmaPropagationPass time: 00:00.018
[2023-04-10 15:13:24] Ambiguity checks ...
[2023-04-10 15:13:24] Ambiguity checks time: 00:00.404
[2023-04-10 15:13:24] Ql checks ...
[2023-04-10 15:13:25] Ql checks time: 00:00.859
[2023-04-10 15:13:28] Compilation pipeline
[2023-04-10 15:13:28] Type Inference ...
[2023-04-10 15:13:28] CSV_TYPE_HIERARCHY: Best number of iterations,Maximum number of runs,Number of BDD variables,Size of BDD for typefacts
[2023-04-10 15:13:28] CSV_TYPE_HIERARCHY: 0,0,1,1
[2023-04-10 15:13:28] CSV_TYPE_HIERARCHY: 0,0,0,0
[2023-04-10 15:13:28] CSV_TYPE_HIERARCHY: 0,0,115,136
[2023-04-10 15:13:28] CSV_TYPE_HIERARCHY: 0,0,1,1
[2023-04-10 15:13:28] CSV_TYPE_HIERARCHY: 0,0,0,0
[2023-04-10 15:13:28] CSV_TYPE_HIERARCHY: 0,0,696,2952
[2023-04-10 15:13:28] CSV_TYPE_HIERARCHY: 0,0,901,58657
[2023-04-10 15:13:28] CSV_TYPE_HIERARCHY: 0,0,9,9
[2023-04-10 15:13:28] CSV_TYPE_HIERARCHY: 0,0,2,2
[2023-04-10 15:13:28] CSV_TYPE_HIERARCHY: 0,0,2,2
[2023-04-10 15:13:28] CSV_TYPE_HIERARCHY: 0,0,2,2
[2023-04-10 15:13:28] CSV_TYPE_HIERARCHY: 0,0,2,2
[2023-04-10 15:13:28] CSV_TYPE_HIERARCHY: 0,0,26,26
[2023-04-10 15:13:28] CSV_TYPE_HIERARCHY: 0,0,4,4
[2023-04-10 15:13:28] CSV_TYPE_HIERARCHY: 0,0,12,12
[2023-04-10 15:13:28] CSV_TYPE_HIERARCHY: 0,0,2,2
[2023-04-10 15:13:28] CSV_TYPE_HIERARCHY: 0,0,1,1
[2023-04-10 15:13:28] CSV_TYPE_HIERARCHY: 0,0,12,15
[2023-04-10 15:13:28] CSV_TYPE_HIERARCHY: 0,0,4,4
[2023-04-10 15:13:28] CSV_TYPE_HIERARCHY: 0,0,2,2
[2023-04-10 15:13:28] CSV_TYPE_HIERARCHY: 0,0,6,7
[2023-04-10 15:13:28] CSV_TYPE_HIERARCHY: 0,0,2,2
[2023-04-10 15:13:28] CSV_TYPE_HIERARCHY: 0,0,8,8
[2023-04-10 15:13:28] CSV_TYPE_HIERARCHY: 0,0,19,27
[2023-04-10 15:13:28] CSV_TYPE_HIERARCHY: 0,0,2,2
[2023-04-10 15:13:28] CSV_TYPE_HIERARCHY: 0,0,18,18
[2023-04-10 15:13:28] CSV_TYPE_HIERARCHY: 0,0,8,8
[2023-04-10 15:13:28] CSV_TYPE_HIERARCHY: 0,0,11,11
[2023-04-10 15:13:28] CSV_TYPE_HIERARCHY: 0,0,2,2
[2023-04-10 15:13:28] CSV_TYPE_HIERARCHY: 0,0,4,4
[2023-04-10 15:13:28] CSV_TYPE_HIERARCHY: 0,0,2,2
[2023-04-10 15:13:28] CSV_TYPE_HIERARCHY: 0,0,2,2
[2023-04-10 15:13:28] CSV_TYPE_HIERARCHY: 0,0,16,18
[2023-04-10 15:13:28] CSV_TYPE_HIERARCHY: 0,0,6,6
[2023-04-10 15:13:28] CSV_TYPE_HIERARCHY: 0,0,2,2
[2023-04-10 15:13:28] CSV_TYPE_HIERARCHY: 0,0,4,4
[2023-04-10 15:13:28] CSV_TYPE_HIERARCHY: 0,0,2,2
[2023-04-10 15:13:28] CSV_TYPE_HIERARCHY: 0,0,7,10
[2023-04-10 15:13:28] CSV_TYPE_HIERARCHY: 0,0,6,7
[2023-04-10 15:13:28] CSV_TYPE_HIERARCHY: 0,0,6,6
[2023-04-10 15:13:28] CSV_TYPE_HIERARCHY: 0,0,3,3
[2023-04-10 15:13:30] Type Inference time: 00:02.077
[2023-04-10 15:13:30] [DETAILS] execute queries> Optimizing D:\Works\Moonlay\Shannon\qcve\databases\ssl\query\example.ql.
[2023-04-10 15:13:30] Processing compilation pipeline
[2023-04-10 15:13:30] Started compiling a query
[2023-04-10 15:13:30] Initialising compiler...
[2023-04-10 15:13:30] 	 ... compiler initialised
[2023-04-10 15:13:30] About to start query optimisation
[2023-04-10 15:13:30] Compilation cache hit - skipping compilation.
[2023-04-10 15:13:30] CSV_COMPILATION: NONE,MISC,RA_TRANSLATION,OPTIMISATIONS
[2023-04-10 15:13:30] CSV_COMPILATION: 9,66,0,0
[2023-04-10 15:13:30] [SPAMMY] execute queries> No database upgrade/downgrade needed for D:\Works\Moonlay\Shannon\qcve\databases\ssl\query\example.ql
[2023-04-10 15:13:30] [PROGRESS] execute queries> [2/2 comp 9.6s] Compiled D:\Works\Moonlay\Shannon\qcve\databases\ssl\query\example.ql.
[2023-04-10 15:13:30] [PROGRESS] execute queries> Starting evaluation of maulanardy\codeql-query\empty-block.ql.
[2023-04-10 15:13:30] Starting evaluation of D:\Works\Moonlay\Shannon\qcve\databases\ssl\query\empty-block.ql
[2023-04-10 15:13:30] (0s) Start query execution
[2023-04-10 15:13:30] (0s) Beginning execution of empty-block.ql
[2023-04-10 15:13:30] (0s)  >>> Created relation stmts/5@1ea999sl with 14772 rows and digest d5a867psd6r78l7d0oqfvsrik57.
[2023-04-10 15:13:30] (0s) Starting to evaluate predicate stmts_10#join_rhs/2@642b5cn4
[2023-04-10 15:13:30] (0s)  >>> Created relation stmts_10#join_rhs/2@642b5cn4 with 14772 rows and digest c36262a3gjni63th27k0j2n8cv7.
[2023-04-10 15:13:30] (0s) Starting to evaluate predicate stmts_20#join_rhs/2@fb954def
[2023-04-10 15:13:30] (0s)  >>> Created relation stmts_20#join_rhs/2@fb954def with 14772 rows and digest 44b2ea2dr9gef9g7d73puq60qo0.
[2023-04-10 15:13:30] (0s) Starting to evaluate predicate Stmt#8986e1c9::BlockStmt::getAStmt#0#dispred#ff/2@2d7bc22p
[2023-04-10 15:13:30] (0s)  >>> Created relation Stmt#8986e1c9::BlockStmt::getAStmt#0#dispred#ff/2@2d7bc22p with 347 rows and digest c87e1fq15013kujoe9eo2m6rd3d.
[2023-04-10 15:13:30] (0s) Starting to evaluate predicate _Stmt#8986e1c9::BlockStmt::getAStmt#0#dispred#ff#join_rhs/2@3ec78160
[2023-04-10 15:13:30] (0s)  >>> Created relation _Stmt#8986e1c9::BlockStmt::getAStmt#0#dispred#ff#join_rhs/2@3ec78160 with 146 rows and digest f9f449trguftmr1r17m68a08bcf.
[2023-04-10 15:13:30] (0s) Starting to evaluate predicate project#Stmt#8986e1c9::BlockStmt::getAStmt#0#dispred#ff/1@75dd3aet
[2023-04-10 15:13:30] (0s)  >>> Created relation project#Stmt#8986e1c9::BlockStmt::getAStmt#0#dispred#ff/1@75dd3aet with 146 rows and digest 4e442912i6pm5jq2mreo8fc8euf.
[2023-04-10 15:13:30] (0s) Starting to evaluate predicate Stmt#8986e1c9::BlockStmt::getNumStmt#0#dispred#ff/2@10a9630r
[2023-04-10 15:13:30] (0s)  >>> Created relation Stmt#8986e1c9::BlockStmt::getNumStmt#0#dispred#ff/2@10a9630r with 4022 rows and digest b86ef3jjjaflclfu6kgthljq85d.
[2023-04-10 15:13:30] (0s) Starting to evaluate predicate Stmt#8986e1c9::BlockStmt::getNumStmt#0#dispred#ff_10#join_rhs/2@dae6e73f
[2023-04-10 15:13:30] (0s)  >>> Created relation Stmt#8986e1c9::BlockStmt::getNumStmt#0#dispred#ff_10#join_rhs/2@dae6e73f with 4022 rows and digest f34f2csd7nqtn6t697n4ldkvjr7.
[2023-04-10 15:13:30] (0s)  >>> Created relation hasLocation/2@b3afe5l6 with 246317 rows and digest 6364a7sbhj001vaavii5dg3ifvb.
[2023-04-10 15:13:30] (0s) Starting to evaluate predicate AST#4fc16b88::AstNode::getLocation#0#dispred#bf/2@359ae7qb
[2023-04-10 15:13:30] (0s)  >>> Created relation AST#4fc16b88::AstNode::getLocation#0#dispred#bf/2@359ae7qb with 4022 rows and digest 196132ir2d5v3rdaiv5ma15s5bc.
[2023-04-10 15:13:30] (0s) Starting to evaluate predicate stmts_0#antijoin_rhs/1@b4316cnp
[2023-04-10 15:13:30] (0s)  >>> Created relation stmts_0#antijoin_rhs/1@b4316cnp with 14772 rows and digest 6fe4ee55obluomn83141dqcvtqf.
[2023-04-10 15:13:30] (0s) Starting to evaluate predicate _AST#4fc16b88::AstNode::getLocation#0#dispred#bf_Stmt#8986e1c9::BlockStmt::getNumStmt#0#dispred#ff_1__#shared/4@8aa1530r
[2023-04-10 15:13:30] (0s)  >>> Created relation _AST#4fc16b88::AstNode::getLocation#0#dispred#bf_Stmt#8986e1c9::BlockStmt::getNumStmt#0#dispred#ff_1__#shared/4@8aa1530r with 3876 rows and digest 65a811bj1vmeebjk8l3cis6pul3.
[2023-04-10 15:13:31] (0s)  >>> Created relation locations_default/6@8c8d0fsu with 211017 rows and digest 925650tv901mbfpks0n6g3pjs44.
[2023-04-10 15:13:31] (0s)  >>> Created relation files/2@bfcf0c84 with 201 rows and digest bd94ferr6qvrbdtiso8srbgitn7.
[2023-04-10 15:13:31] (0s) Starting to evaluate predicate Locations#c853d51f::Location::hasLocationInfo#5#dispred#bfffff/6@c8aea6tg
[2023-04-10 15:13:31] (0s)  >>> Created relation Locations#c853d51f::Location::hasLocationInfo#5#dispred#bfffff/6@c8aea6tg with 4022 rows and digest 54dd4112fnp8r9un6g1b0h1ghqb.
[2023-04-10 15:13:31] (0s) Starting to evaluate predicate _Locations#c853d51f::Location::hasLocationInfo#5#dispred#bfffff__AST#4fc16b88::AstNode::getLocation#__#antijoin_rhs/3@3f833838
[2023-04-10 15:13:31] (0s)  >>> Created relation _Locations#c853d51f::Location::hasLocationInfo#5#dispred#bfffff__AST#4fc16b88::AstNode::getLocation#__#antijoin_rhs/3@3f833838 with 3876 rows and digest 25d584qovlh0cs2jbg4resgc42c.
[2023-04-10 15:13:31] (0s) Starting to evaluate predicate #select#query#ffffffff/8@5ecbf44f
[2023-04-10 15:13:31] (0s)  >>> Created relation #select#query#ffffffff/8@5ecbf44f with 3876 rows and digest 342320j4nvn0j2fhdq4kov7qvh4.
[2023-04-10 15:13:31] (0s) Query done
[2023-04-10 15:13:31] [PROGRESS] execute queries> Starting evaluation of maulanardy\codeql-query\example.ql.
[2023-04-10 15:13:31] Starting evaluation of D:\Works\Moonlay\Shannon\qcve\databases\ssl\query\example.ql
[2023-04-10 15:13:31] (0s) Start query execution
[2023-04-10 15:13:31] (0s) Beginning execution of example.ql
[2023-04-10 15:13:31] Evaluation of D:\Works\Moonlay\Shannon\qcve\databases\ssl\query\empty-block.ql produced BQRS results.
[2023-04-10 15:13:31] [PROGRESS] execute queries> [1/2 eval 542ms] Evaluation done; writing results to maulanardy\codeql-query\empty-block.bqrs.
[2023-04-10 15:13:31] Query done
[2023-04-10 15:13:31] Sequence stamp origin is -6333554698641840380
[2023-04-10 15:13:31] Pausing evaluation to sync to disk at sequence stamp o+0
[2023-04-10 15:13:31] Unpausing evaluation
[2023-04-10 15:13:31] Evaluation of D:\Works\Moonlay\Shannon\qcve\databases\ssl\query\example.ql produced BQRS results.
[2023-04-10 15:13:31] [PROGRESS] execute queries> [2/2 eval 37ms] Evaluation done; writing results to maulanardy\codeql-query\example.bqrs.
[2023-04-10 15:13:31] [PROGRESS] execute queries> Shutting down query evaluator.
[2023-04-10 15:13:31] Pausing evaluation to close the cache at sequence stamp o+1
[2023-04-10 15:13:31] The disk cache is freshly trimmed; leave it be.
[2023-04-10 15:13:31] Unpausing evaluation
[2023-04-10 15:13:31] Terminating normally.
